MIG: 10:02:04 : xml_input_file: board.prj
MIG: 10:02:05 : Absolute path of xml_input_file: w:/ECE532/VGA_TEST_03_30/project_1/project_1.srcs/sources_1/bd/design_1/ip/design_1_mig_7series_0_1/board.prj
MIG: 10:02:05 : xml_input_file: board.prj
MIG: 10:02:05 : Absolute path of xml_input_file: w:/ECE532/VGA_TEST_03_30/project_1/project_1.srcs/sources_1/bd/design_1/ip/design_1_mig_7series_0_1/board.prj
MIG: 10:02:05 : In updateAllModelParams
MIG: 10:02:05 : ################# RUNNING MIG BATCH ###################
MIG: 10:02:05 : Writing IN file for 'design_1_mig_7series_0_1'...compDirPath: c:/Xilinx/Vivado/2016.2/data/ip/xilinx/mig_7series_v4_0... instDirPath: w:/ECE532/VGA_TEST_03_30/project_1/project_1.srcs/sources_1/bd/design_1/ip/design_1_mig_7series_0_1
MIG: 10:02:05 : synp_flow:  -- synthesis_mode: Other
MIG: 10:02:05 : outputDirectory: w:/ECE532/VGA_TEST_03_30/project_1/project_1.srcs/sources_1/bd/design_1/ip/design_1_mig_7series_0_1/_tmp/
MIG: 10:02:05 : vivado_mode: xpg_bd
MIG: 10:02:05 : isPortInterface: 0
MIG: 10:02:05 : isPortInterface: 0
MIG: 10:02:05 : isPortInterface: 0
MIG: 10:02:05 : isPortInterface: 0
MIG: 10:02:05 : isPortInterface: 0
MIG: 10:02:05 : isPortInterface: 0
MIG: 10:02:05 : isPortInterface: 0
MIG: 10:02:05 : isPortInterface: 0
MIG: 10:02:05 : isPortInterface: 0
MIG: 10:02:05 : isPortInterface: 0
MIG: 10:02:05 : isPortInterface: 0
MIG: 10:02:05 : isPortInterface: 0
MIG: 10:02:05 : isPortInterface: 0
MIG: 10:02:05 : isPortInterface: 0
MIG: 10:02:05 : isPortInterface: 0
MIG: 10:02:05 : isPortInterface: 0
MIG: 10:02:05 : isPortInterface: 0
MIG: 10:02:05 : isPortInterface: 0
MIG: 10:02:05 : isPortInterface: 0
MIG: 10:02:05 : isPortInterface: 0
MIG: 10:02:05 : isPortInterface: 0
MIG: 10:02:05 : isPortInterface: 0
MIG: 10:02:05 : isPortInterface: 0
MIG: 10:02:05 : isPortInterface: 0
MIG: 10:02:05 : isPortInterface: 0
MIG: 10:02:05 : isPortInterface: 0
MIG: 10:02:05 : isPortInterface: 0
MIG: 10:02:05 : isPortInterface: 0
MIG: 10:02:05 : isPortInterface: 0
MIG: 10:02:05 : isPortInterface: 0
MIG: 10:02:05 : isPortInterface: 0
MIG: 10:02:05 : isPortInterface: 0
MIG: 10:02:05 : isPortInterface: 0
MIG: 10:02:05 : isPortInterface: 0
MIG: 10:02:05 : isPortInterface: 0
MIG: 10:02:05 : isPortInterface: 0
MIG: 10:02:05 : isPortInterface: 0
MIG: 10:02:05 : isPortInterface: 0
MIG: 10:02:05 : isPortInterface: 0
MIG: 10:02:05 : isPortInterface: 0
MIG: 10:02:05 : isPortInterface: 0
MIG: 10:02:05 : isPortInterface: 0
MIG: 10:02:05 : isPortInterface: 0
MIG: 10:02:05 : isPortInterface: 0
MIG: 10:02:05 : isPortInterface: 0
MIG: 10:02:05 : isPortInterface: 0
MIG: 10:02:05 : isPortInterface: 0
MIG: 10:02:05 : isPortInterface: 0
MIG: 10:02:05 : isPortInterface: 0
MIG: 10:02:05 : isPortInterface: 0
MIG: 10:02:05 : isPortInterface: 0
MIG: 10:02:05 : isPortInterface: 0
MIG: 10:02:05 : isPortInterface: 0
MIG: 10:02:05 : isPortInterface: 0
MIG: 10:02:05 : isPortInterface: 0
MIG: 10:02:05 : isPortInterface: 0
MIG: 10:02:05 : isPortInterface: 0
MIG: 10:02:05 : isPortInterface: 0
MIG: 10:02:05 : isPortInterface: 0
MIG: 10:02:05 : isPortInterface: 0
MIG: 10:02:05 : isPortInterface: 0
MIG: 10:02:05 : isPortInterface: 0
MIG: 10:02:05 : isPortInterface: 0
MIG: 10:02:05 : isPortInterface: 0
MIG: 10:02:05 : isPortInterface: 0
MIG: 10:02:05 : isPortInterface: 0
MIG: 10:02:05 : isPortInterface: 0
MIG: 10:02:05 : isPortInterface: 0
MIG: 10:02:05 : isPortInterface: 0
MIG: 10:02:05 : isPortInterface: 0
MIG: 10:02:05 : isPortInterface: 0
MIG: 10:02:05 : isPortInterface: 0
MIG: 10:02:05 : isPortInterface: 0
MIG: 10:02:05 : isPortInterface: 0
MIG: 10:02:05 : isPortInterface: 0
MIG: 10:02:05 : isPortInterface: 0
MIG: 10:02:05 : isPortInterface: 0
MIG: 10:02:05 : isPortInterface: 0
MIG: 10:02:05 : isPortInterface: 0
MIG: 10:02:05 : isPortInterface: 0
MIG: 10:02:05 : isPortInterface: 0
MIG: 10:02:05 : isPortInterface: 0
MIG: 10:02:05 : isPortInterface: 0
MIG: 10:02:05 : isPortInterface: 0
MIG: 10:02:05 : isPortInterface: 0
MIG: 10:02:05 : isPortInterface: 0
MIG: 10:02:05 : isPortInterface: 0
MIG: 10:02:05 : isPortInterface: 0
MIG: 10:02:05 : isPortInterface: 0
MIG: 10:02:05 : isPortInterface: 0
MIG: 10:02:05 : isPortInterface: 0
MIG: 10:02:05 : isPortInterface: 0
MIG: 10:02:05 : isPortInterface: 0
MIG: 10:02:05 : isPortInterface: 0
MIG: 10:02:05 : isPortInterface: 0
MIG: 10:02:05 : isPortInterface: 0
MIG: 10:02:05 : isPortInterface: 0
MIG: 10:02:05 : isPortInterface: 0
MIG: 10:02:05 : isPortInterface: 0
MIG: 10:02:05 : isPortInterface: 0
MIG: 10:02:05 : isPortInterface: 0
MIG: 10:02:05 : isPortInterface: 0
MIG: 10:02:05 : isPortInterface: 0
MIG: 10:02:05 : isPortInterface: 0
MIG: 10:02:05 : isPortInterface: 0
MIG: 10:02:05 : isPortInterface: 0
MIG: 10:02:05 : isPortInterface: 0
MIG: 10:02:05 : isPortInterface: 0
MIG: 10:02:05 : isPortInterface: 0
MIG: 10:02:05 : isPortInterface: 0
MIG: 10:02:05 : isPortInterface: 0
MIG: 10:02:05 : isPortInterface: 0
MIG: 10:02:05 : isPortInterface: 0
MIG: 10:02:05 : isPortInterface: 0
MIG: 10:02:05 : isPortInterface: 0
MIG: 10:02:05 : isPortInterface: 0
MIG: 10:02:05 : isPortInterface: 0
MIG: 10:02:05 : isPortInterface: 1
MIG: 10:02:05 : isPortInterface: 0
MIG: 10:02:05 : isPortInterface: 0
MIG: 10:02:05 : isPortInterface: 0
MIG: 10:02:05 : isPortInterface: 0
MIG: 10:02:05 : isPortInterface: 0
MIG: 10:02:05 : isPortInterface: 0
MIG: 10:02:05 : isPortInterface: 0
MIG: 10:02:05 : isPortInterface: 0
MIG: 10:02:05 : isPortInterface: 0
MIG: 10:02:05 : isPortInterface: 0
MIG: 10:02:05 :  locked false  
MIG: 10:02:05 : HDL Language: Verilog
MIG: 10:02:05 : compInfo: true
MIG: 10:02:05 : Vivado Options xc7a100t csg324 -1
MIG: 10:02:05 : 1: xc7a100t 2: csg324 3: -1
MIG: 10:02:05 : relative mig path: coregen/ip/xilinx/other/com/xilinx/ip/mig_7series_v4_0/bin/nt64/mig.exe
MIG: 10:02:05 : xilinx_path: C:/Xilinx/Vivado/2016.2/ids_lite/ISE
MIG: 10:02:05 : I am in catch area
MIG: 10:02:05 : Running C:/Xilinx/Vivado/2016.2/ids_lite/ISE/coregen/ip/xilinx/other/com/xilinx/ip/mig_7series_v4_0/bin/nt64/mig.exe -cg_exc_inp w:/ECE532/VGA_TEST_03_30/project_1/project_1.srcs/sources_1/bd/design_1/ip/design_1_mig_7series_0_1/xil_txt.in -cg_exc_out w:/ECE532/VGA_TEST_03_30/project_1/project_1.srcs/sources_1/bd/design_1/ip/design_1_mig_7series_0_1/xil_txt.out ... 
MIG: 10:02:13 : XML_INPUT_FILE: w:/ECE532/VGA_TEST_03_30/project_1/project_1.srcs/sources_1/bd/design_1/ip/design_1_mig_7series_0_1/board.prj
MIG: 10:02:13 : Component_Name: design_1_mig_7series_0_1
MIG: 10:02:13 : Moving design_1_mig_7series_0_1 ...
MIG: 10:02:13 : Moving design_1_mig_7series_0_1.veo ...
MIG: 10:02:13 : Moving design_1_mig_7series_0_1_xmdf.tcl ...
MIG: 10:02:13 : XGUI hdlLanguage: Verilog
MIG: 10:02:13 : xgui vivado_mode: xpg_bd
MIG: 10:02:13 : xgui hdlLanguage: Verilog -- hdlExt: v
MIG: 10:02:13 : Reading W:/ECE532/VGA_TEST_03_30/project_1/project_1.srcs/sources_1/bd/design_1/ip/design_1_mig_7series_0_1/design_1_mig_7series_0_1/user_design/rtl/design_1_mig_7series_0_1_mig.v ...
MIG: 10:02:14 : 1
MIG: 10:02:14 : Inside fn mem: DDR2
MIG: 10:02:14 : QDRII+ Inside fn ui: 81000000
MIG: 10:02:14 : cntrl:  memtype: DDR2
MIG: 10:02:14 : 1200
MIG: 10:02:14 :  MMCM_VCO single ctrl param_name: MMCM_VCO --  possibleMaxVcoVal: 1200 
MIG: 10:02:14 : DDR2
MIG: 10:02:14 : 1
MIG: 10:02:14 : 81000000
MIG: 10:02:14 : 
MIG: 10:02:14 :  polarity_value: 1
MIG: 10:02:14 : 
MIG: 10:02:14 : 
MIG: 10:02:14 : cntrl:  memtype: DDR2
MIG: 10:02:14 : Prasad ----: isMMCMExtraClkParam:: MMCM_CLKOUT0_EN --- "TRUE"
MIG: 10:02:14 : TRUE
MIG: 10:02:14 :  MMCM Enable Param: MMCM_CLKOUT0_EN ==> TRUE
MIG: 10:02:14 : Prasad ----: isMMCMExtraClkParam:: MMCM_CLKOUT1_EN --- "FALSE"
MIG: 10:02:14 : 
MIG: 10:02:14 :  MMCM Enable Param: MMCM_CLKOUT1_EN ==> FALSE
MIG: 10:02:14 : Prasad ----: isMMCMExtraClkParam:: MMCM_CLKOUT2_EN --- "FALSE"
MIG: 10:02:14 : 
MIG: 10:02:14 :  MMCM Enable Param: MMCM_CLKOUT2_EN ==> FALSE
MIG: 10:02:14 : Prasad ----: isMMCMExtraClkParam:: MMCM_CLKOUT3_EN --- "FALSE"
MIG: 10:02:14 : 
MIG: 10:02:14 :  MMCM Enable Param: MMCM_CLKOUT3_EN ==> FALSE
MIG: 10:02:14 : Prasad ----: isMMCMExtraClkParam:: MMCM_CLKOUT4_EN --- "FALSE"
MIG: 10:02:14 : 
MIG: 10:02:14 :  MMCM Enable Param: MMCM_CLKOUT4_EN ==> FALSE
MIG: 10:02:14 : Prasad ----: isMMCMExtraClkParam:: MMCM_CLKOUT0_DIVIDE --- 12.000
MIG: 10:02:14 : possibleMaxVcoVal:: 1200 ---- paramName: MMCM_CLKOUT0_DIVIDE
MIG: 10:02:14 : 100000000
MIG: 10:02:14 :  MMCM Extra Param: MMCM_CLKOUT0_FREQ ==> 100000000
MIG: 10:02:14 : Prasad ----: isMMCMExtraClkParam:: MMCM_CLKOUT1_DIVIDE --- 1
MIG: 10:02:14 : possibleMaxVcoVal:: 1200 ---- paramName: MMCM_CLKOUT1_DIVIDE
MIG: 10:02:15 : 1200000000
MIG: 10:02:15 :  MMCM Extra Param: MMCM_CLKOUT1_FREQ ==> 1200000000
MIG: 10:02:15 : Prasad ----: isMMCMExtraClkParam:: MMCM_CLKOUT2_DIVIDE --- 1
MIG: 10:02:15 : possibleMaxVcoVal:: 1200 ---- paramName: MMCM_CLKOUT2_DIVIDE
MIG: 10:02:15 : 1200000000
MIG: 10:02:15 :  MMCM Extra Param: MMCM_CLKOUT2_FREQ ==> 1200000000
MIG: 10:02:15 : Prasad ----: isMMCMExtraClkParam:: MMCM_CLKOUT3_DIVIDE --- 1
MIG: 10:02:15 : possibleMaxVcoVal:: 1200 ---- paramName: MMCM_CLKOUT3_DIVIDE
MIG: 10:02:15 : 1200000000
MIG: 10:02:15 :  MMCM Extra Param: MMCM_CLKOUT3_FREQ ==> 1200000000
MIG: 10:02:15 : Prasad ----: isMMCMExtraClkParam:: MMCM_CLKOUT4_DIVIDE --- 1
MIG: 10:02:15 : possibleMaxVcoVal:: 1200 ---- paramName: MMCM_CLKOUT4_DIVIDE
MIG: 10:02:15 : 1200000000
MIG: 10:02:15 :  MMCM Extra Param: MMCM_CLKOUT4_FREQ ==> 1200000000
MIG: 10:02:15 :  Invalid Param: DDR2_RST_ACT_LOW ==> 1
MIG: 10:02:15 : 
MIG: 10:02:15 :  Valid Param: DDR2_BANK_WIDTH ==> 3
MIG: 10:02:15 : 
MIG: 10:02:15 :  Valid Param: DDR2_CK_WIDTH ==> 1
MIG: 10:02:15 :  Invalid Param: DDR2_COL_WIDTH ==> 10
MIG: 10:02:15 : 
MIG: 10:02:15 :  Valid Param: DDR2_CS_WIDTH ==> 1
MIG: 10:02:15 : 
MIG: 10:02:15 :  Valid Param: DDR2_nCS_PER_RANK ==> 1
MIG: 10:02:15 : 
MIG: 10:02:15 :  Valid Param: DDR2_CKE_WIDTH ==> 1
MIG: 10:02:15 :  Invalid Param: DDR2_DATA_BUF_ADDR_WIDTH ==> 5
MIG: 10:02:15 :  Invalid Param: DDR2_DQ_CNT_WIDTH ==> 4
MIG: 10:02:15 :  Invalid Param: DDR2_DQ_PER_DM ==> 8
MIG: 10:02:15 : 2
MIG: 10:02:15 :  Valid Param: DDR2_DM_WIDTH ==> 2
MIG: 10:02:15 : 16
MIG: 10:02:15 :  Valid Param: DDR2_DQ_WIDTH ==> 16
MIG: 10:02:15 : 2
MIG: 10:02:15 :  Valid Param: DDR2_DQS_WIDTH ==> 2
MIG: 10:02:15 : 
MIG: 10:02:15 :  Valid Param: DDR2_DQS_CNT_WIDTH ==> 1
MIG: 10:02:15 :  Invalid Param: DDR2_DRAM_WIDTH ==> 8
MIG: 10:02:15 : 
MIG: 10:02:15 :  Valid Param: ECC ==> OFF
MIG: 10:02:15 : 16
MIG: 10:02:15 :  Valid Param: DDR2_DATA_WIDTH ==> 16
MIG: 10:02:15 :  Invalid Param: ECC_TEST ==> "OFF"
MIG: 10:02:15 :  Invalid Param: DDR2_PAYLOAD_WIDTH ==> (ECC_TEST == "OFF") ? DATA_WIDTH : DQ_WIDTH
MIG: 10:02:15 :  Invalid Param: DDR2_MEM_ADDR_ORDER ==> "BANK_ROW_COLUMN"
MIG: 10:02:15 :  Invalid Param: DDR2_nBANK_MACHS ==> 4
MIG: 10:02:15 :  Invalid Param: DDR2_RANKS ==> 1
MIG: 10:02:15 : 
MIG: 10:02:15 :  Valid Param: DDR2_ODT_WIDTH ==> 1
MIG: 10:02:15 : 13
MIG: 10:02:15 :  Valid Param: DDR2_ROW_WIDTH ==> 13
MIG: 10:02:15 : 27
MIG: 10:02:15 :  Valid Param: DDR2_ADDR_WIDTH ==> 27
MIG: 10:02:15 : 
MIG: 10:02:15 :  Valid Param: DDR2_USE_CS_PORT ==> 1
MIG: 10:02:15 : 
MIG: 10:02:15 :  Valid Param: DDR2_USE_DM_PORT ==> 1
MIG: 10:02:15 : 
MIG: 10:02:15 :  Valid Param: DDR2_USE_ODT_PORT ==> 1
MIG: 10:02:15 :  Invalid Param: DDR2_PHY_CONTROL_MASTER_BANK ==> 0
MIG: 10:02:15 :  Invalid Param: DDR2_MEM_DENSITY ==> "1Gb"
MIG: 10:02:15 :  Invalid Param: DDR2_MEM_SPEEDGRADE ==> "25E"
MIG: 10:02:15 :  Invalid Param: DDR2_MEM_DEVICE_WIDTH ==> 16
MIG: 10:02:15 :  Invalid Param: DDR2_AL ==> "0"
MIG: 10:02:15 :  Invalid Param: DDR2_nAL ==> 0
MIG: 10:02:15 :  Invalid Param: DDR2_BURST_MODE ==> "8"
MIG: 10:02:15 :  Invalid Param: DDR2_BURST_TYPE ==> "SEQ"
MIG: 10:02:15 :  Invalid Param: DDR2_CL ==> 5
MIG: 10:02:15 :  Invalid Param: DDR2_OUTPUT_DRV ==> "HIGH"
MIG: 10:02:15 :  Invalid Param: DDR2_RTT_NOM ==> "50"
MIG: 10:02:15 :  Invalid Param: DDR2_ADDR_CMD_MODE ==> "1T"
MIG: 10:02:15 : 
MIG: 10:02:15 :  Valid Param: DDR2_REG_CTRL ==> OFF
MIG: 10:02:15 :  Invalid Param: DDR2_CLKIN_PERIOD ==> 5000
MIG: 10:02:15 :  Invalid Param: DDR2_CLKFBOUT_MULT ==> 13
MIG: 10:02:15 :  Invalid Param: DDR2_DIVCLK_DIVIDE ==> 2
MIG: 10:02:15 :  Invalid Param: DDR2_CLKOUT0_PHASE ==> 0.0
MIG: 10:02:15 :  Invalid Param: DDR2_CLKOUT0_DIVIDE ==> 2
MIG: 10:02:15 :  Invalid Param: DDR2_CLKOUT1_DIVIDE ==> 4
MIG: 10:02:15 :  Invalid Param: DDR2_CLKOUT2_DIVIDE ==> 64
MIG: 10:02:15 :  Invalid Param: DDR2_CLKOUT3_DIVIDE ==> 16
MIG: 10:02:15 :  Invalid Param: DDR2_MMCM_VCO ==> 1200
MIG: 10:02:15 :  Invalid Param: DDR2_MMCM_MULT_F ==> 14
MIG: 10:02:15 :  Invalid Param: DDR2_MMCM_DIVCLK_DIVIDE ==> 1
MIG: 10:02:15 :  Invalid Param: DDR2_MMCM_CLKOUT0_EN ==> "TRUE"
MIG: 10:02:15 :  Invalid Param: DDR2_MMCM_CLKOUT1_EN ==> "FALSE"
MIG: 10:02:15 :  Invalid Param: DDR2_MMCM_CLKOUT2_EN ==> "FALSE"
MIG: 10:02:15 :  Invalid Param: DDR2_MMCM_CLKOUT3_EN ==> "FALSE"
MIG: 10:02:15 :  Invalid Param: DDR2_MMCM_CLKOUT4_EN ==> "FALSE"
MIG: 10:02:15 :  Invalid Param: DDR2_MMCM_CLKOUT0_DIVIDE ==> 12.000
MIG: 10:02:15 :  Invalid Param: DDR2_MMCM_CLKOUT1_DIVIDE ==> 1
MIG: 10:02:15 :  Invalid Param: DDR2_MMCM_CLKOUT2_DIVIDE ==> 1
MIG: 10:02:15 :  Invalid Param: DDR2_MMCM_CLKOUT3_DIVIDE ==> 1
MIG: 10:02:15 :  Invalid Param: DDR2_MMCM_CLKOUT4_DIVIDE ==> 1
MIG: 10:02:15 :  Invalid Param: DDR2_tCKE ==> 7500
MIG: 10:02:15 :  Invalid Param: DDR2_tFAW ==> 45000
MIG: 10:02:15 :  Invalid Param: DDR2_tPRDI ==> 1_000_000
MIG: 10:02:15 :  Invalid Param: DDR2_tRAS ==> 40000
MIG: 10:02:15 :  Invalid Param: DDR2_tRCD ==> 15000
MIG: 10:02:15 :  Invalid Param: DDR2_tREFI ==> 7800000
MIG: 10:02:15 :  Invalid Param: DDR2_tRFC ==> 127500
MIG: 10:02:15 :  Invalid Param: DDR2_tRP ==> 12500
MIG: 10:02:15 :  Invalid Param: DDR2_tRRD ==> 10000
MIG: 10:02:15 :  Invalid Param: DDR2_tRTP ==> 7500
MIG: 10:02:15 :  Invalid Param: DDR2_tWTR ==> 7500
MIG: 10:02:15 :  Invalid Param: DDR2_tZQI ==> 128_000_000
MIG: 10:02:15 :  Invalid Param: DDR2_tZQCS ==> 64
MIG: 10:02:15 :  Invalid Param: DDR2_SIM_BYPASS_INIT_CAL ==> "OFF"
MIG: 10:02:15 :  Invalid Param: DDR2_SIMULATION ==> "FALSE"
MIG: 10:02:15 :  Invalid Param: DDR2_BYTE_LANES_B0 ==> 4'b1111
MIG: 10:02:15 :  Invalid Param: DDR2_BYTE_LANES_B1 ==> 4'b0000
MIG: 10:02:15 :  Invalid Param: DDR2_BYTE_LANES_B2 ==> 4'b0000
MIG: 10:02:15 :  Invalid Param: DDR2_BYTE_LANES_B3 ==> 4'b0000
MIG: 10:02:15 :  Invalid Param: DDR2_BYTE_LANES_B4 ==> 4'b0000
MIG: 10:02:15 :  Invalid Param: DDR2_DATA_CTL_B0 ==> 4'b0101
MIG: 10:02:15 :  Invalid Param: DDR2_DATA_CTL_B1 ==> 4'b0000
MIG: 10:02:15 :  Invalid Param: DDR2_DATA_CTL_B2 ==> 4'b0000
MIG: 10:02:15 :  Invalid Param: DDR2_DATA_CTL_B3 ==> 4'b0000
MIG: 10:02:15 :  Invalid Param: DDR2_DATA_CTL_B4 ==> 4'b0000
MIG: 10:02:15 :  Invalid Param: DDR2_PHY_0_BITLANES ==> 48'hFFC_3F7_FFF_3FE
MIG: 10:02:15 :  Invalid Param: DDR2_PHY_1_BITLANES ==> 48'h000_000_000_000
MIG: 10:02:15 :  Invalid Param: DDR2_PHY_2_BITLANES ==> 48'h000_000_000_000
MIG: 10:02:15 :  Invalid Param: DDR2_CK_BYTE_MAP ==> 144'h00_00_00_00_00_00_00_00_00_00_00_00_00_00_00_00_00_03
MIG: 10:02:15 :  Invalid Param: DDR2_ADDR_MAP ==> 192'h000_000_000_010_033_01A_019_032_03A_034_018_036_012_011_017_015
MIG: 10:02:15 :  Invalid Param: DDR2_BANK_MAP ==> 36'h013_016_01B
MIG: 10:02:15 :  Invalid Param: DDR2_CAS_MAP ==> 12'h039
MIG: 10:02:15 :  Invalid Param: DDR2_CKE_ODT_BYTE_MAP ==> 8'h00
MIG: 10:02:15 :  Invalid Param: DDR2_CKE_MAP ==> 96'h000_000_000_000_000_000_000_038
MIG: 10:02:15 :  Invalid Param: DDR2_ODT_MAP ==> 96'h000_000_000_000_000_000_000_035
MIG: 10:02:15 :  Invalid Param: DDR2_CS_MAP ==> 120'h000_000_000_000_000_000_000_000_000_037
MIG: 10:02:15 :  Invalid Param: DDR2_PARITY_MAP ==> 12'h000
MIG: 10:02:15 :  Invalid Param: DDR2_RAS_MAP ==> 12'h014
MIG: 10:02:15 :  Invalid Param: DDR2_WE_MAP ==> 12'h03B
MIG: 10:02:15 :  Invalid Param: DDR2_DQS_BYTE_MAP ==> 144'h00_00_00_00_00_00_00_00_00_00_00_00_00_00_00_00_02_00
MIG: 10:02:15 :  Invalid Param: DDR2_DATA0_MAP ==> 96'h008_004_009_007_005_001_006_003
MIG: 10:02:15 :  Invalid Param: DDR2_DATA1_MAP ==> 96'h022_028_020_024_027_025_026_021
MIG: 10:02:15 :  Invalid Param: DDR2_DATA2_MAP ==> 96'h000_000_000_000_000_000_000_000
MIG: 10:02:15 :  Invalid Param: DDR2_DATA3_MAP ==> 96'h000_000_000_000_000_000_000_000
MIG: 10:02:15 :  Invalid Param: DDR2_DATA4_MAP ==> 96'h000_000_000_000_000_000_000_000
MIG: 10:02:15 :  Invalid Param: DDR2_DATA5_MAP ==> 96'h000_000_000_000_000_000_000_000
MIG: 10:02:15 :  Invalid Param: DDR2_DATA6_MAP ==> 96'h000_000_000_000_000_000_000_000
MIG: 10:02:15 :  Invalid Param: DDR2_DATA7_MAP ==> 96'h000_000_000_000_000_000_000_000
MIG: 10:02:15 :  Invalid Param: DDR2_DATA8_MAP ==> 96'h000_000_000_000_000_000_000_000
MIG: 10:02:15 :  Invalid Param: DDR2_DATA9_MAP ==> 96'h000_000_000_000_000_000_000_000
MIG: 10:02:15 :  Invalid Param: DDR2_DATA10_MAP ==> 96'h000_000_000_000_000_000_000_000
MIG: 10:02:15 :  Invalid Param: DDR2_DATA11_MAP ==> 96'h000_000_000_000_000_000_000_000
MIG: 10:02:15 :  Invalid Param: DDR2_DATA12_MAP ==> 96'h000_000_000_000_000_000_000_000
MIG: 10:02:15 :  Invalid Param: DDR2_DATA13_MAP ==> 96'h000_000_000_000_000_000_000_000
MIG: 10:02:15 :  Invalid Param: DDR2_DATA14_MAP ==> 96'h000_000_000_000_000_000_000_000
MIG: 10:02:15 :  Invalid Param: DDR2_DATA15_MAP ==> 96'h000_000_000_000_000_000_000_000
MIG: 10:02:15 :  Invalid Param: DDR2_DATA16_MAP ==> 96'h000_000_000_000_000_000_000_000
MIG: 10:02:15 :  Invalid Param: DDR2_DATA17_MAP ==> 96'h000_000_000_000_000_000_000_000
MIG: 10:02:15 :  Invalid Param: DDR2_MASK0_MAP ==> 108'h000_000_000_000_000_000_000_029_002
MIG: 10:02:15 :  Invalid Param: DDR2_MASK1_MAP ==> 108'h000_000_000_000_000_000_000_000_000
MIG: 10:02:15 :  Invalid Param: DDR2_SLOT_0_CONFIG ==> 8'b0000_0001
MIG: 10:02:15 :  Invalid Param: DDR2_SLOT_1_CONFIG ==> 8'b0000_0000
MIG: 10:02:15 :  Invalid Param: DDR2_IBUF_LPWR_MODE ==> "OFF"
MIG: 10:02:15 :  Invalid Param: DDR2_DATA_IO_IDLE_PWRDWN ==> "ON"
MIG: 10:02:15 :  Invalid Param: DDR2_BANK_TYPE ==> "HR_IO"
MIG: 10:02:15 :  Invalid Param: DDR2_DATA_IO_PRIM_TYPE ==> "HR_LP"
MIG: 10:02:15 :  Invalid Param: DDR2_CKE_ODT_AUX ==> "FALSE"
MIG: 10:02:15 :  Invalid Param: DDR2_USER_REFRESH ==> "OFF"
MIG: 10:02:15 :  Invalid Param: DDR2_WRLVL ==> "OFF"
MIG: 10:02:15 :  Invalid Param: DDR2_ORDERING ==> "NORM"
MIG: 10:02:15 :  Invalid Param: DDR2_CALIB_ROW_ADD ==> 16'h0000
MIG: 10:02:15 :  Invalid Param: DDR2_CALIB_COL_ADD ==> 12'h000
MIG: 10:02:15 :  Invalid Param: DDR2_CALIB_BA_ADD ==> 3'h0
MIG: 10:02:15 :  Invalid Param: DDR2_TCQ ==> 100
MIG: 10:02:15 :  Invalid Param: DDR2_IODELAY_GRP0 ==> "DESIGN_1_MIG_7SERIES_0_1_IODELAY_MIG0"
MIG: 10:02:15 :  Invalid Param: DDR2_SYSCLK_TYPE ==> "NO_BUFFER"
MIG: 10:02:15 :  Invalid Param: DDR2_REFCLK_TYPE ==> "USE_SYSTEM_CLOCK"
MIG: 10:02:16 :  Invalid Param: DDR2_SYS_RST_PORT ==> "FALSE"
MIG: 10:02:16 :  Invalid Param: DDR2_CMD_PIPE_PLUS1 ==> "ON"
MIG: 10:02:16 :  Invalid Param: DDR2_DRAM_TYPE ==> "DDR2"
MIG: 10:02:16 :  Invalid Param: DDR2_CAL_WIDTH ==> "HALF"
MIG: 10:02:16 :  Invalid Param: DDR2_STARVE_LIMIT ==> 2
MIG: 10:02:16 :  Invalid Param: DDR2_REFCLK_FREQ ==> 200.0
MIG: 10:02:16 :  Invalid Param: DDR2_DIFF_TERM_REFCLK ==> "TRUE"
MIG: 10:02:16 :  Invalid Param: DDR2_tCK ==> 3077
MIG: 10:02:16 : 4
MIG: 10:02:16 :  Valid Param: DDR2_nCK_PER_CLK ==> 4
MIG: 10:02:16 :  Invalid Param: DDR2_DIFF_TERM_SYSCLK ==> "TRUE"
MIG: 10:02:16 : TRUE
MIG: 10:02:16 :  Valid Param: UI_EXTRA_CLOCKS ==> TRUE
MIG: 10:02:16 : 1
MIG: 10:02:16 :  Valid Param: C_S_AXI_ID_WIDTH ==> 1
MIG: 10:02:16 : 134217728
MIG: 10:02:16 :  Valid Param: C_S_AXI_MEM_SIZE ==> 134217728
MIG: 10:02:16 : 
MIG: 10:02:16 :  Valid Param: C_S_AXI_ADDR_WIDTH ==> 32
MIG: 10:02:16 : 64
MIG: 10:02:16 :  Valid Param: C_S_AXI_DATA_WIDTH ==> 64
MIG: 10:02:16 :  Invalid Param: DDR2_C_MC_nCK_PER_CLK ==> 4
MIG: 10:02:16 :  Invalid Param: C_S_AXI_SUPPORTS_NARROW_BURST ==> 0
MIG: 10:02:16 :  Invalid Param: DDR2_C_RD_WR_ARB_ALGORITHM ==> "RD_PRI_REG"
MIG: 10:02:16 :  Invalid Param: C_S_AXI_REG_EN0 ==> 20'h00000
MIG: 10:02:16 :  Invalid Param: C_S_AXI_REG_EN1 ==> 20'h00000
MIG: 10:02:16 : 
MIG: 10:02:16 :  Valid Param: C_S_AXI_CTRL_ADDR_WIDTH ==> 32
MIG: 10:02:16 : 
MIG: 10:02:16 :  Valid Param: C_S_AXI_CTRL_DATA_WIDTH ==> 32
MIG: 10:02:16 :  Invalid Param: C_S_AXI_BASEADDR ==> 32'h0000_0000
MIG: 10:02:16 :  Invalid Param: C_ECC_ONOFF_RESET_VALUE ==> 1
MIG: 10:02:16 :  Invalid Param: C_ECC_CE_COUNTER_WIDTH ==> 8
MIG: 10:02:16 : 
MIG: 10:02:16 :  Valid Param: DDR2_DEBUG_PORT ==> OFF
MIG: 10:02:16 : 
MIG: 10:02:16 :  Invalid Param: DDR2_TEMP_MON_CONTROL ==> "INTERNAL"
MIG: 10:02:16 : NOBUF
MIG: 10:02:16 : NONE
MIG: 10:02:16 : 
MIG: 10:02:16 : Same Interface
MIG: 10:02:16 : xml_input_file: board.prj
MIG: 10:02:16 : Absolute path of xml_input_file: w:/ECE532/VGA_TEST_03_30/project_1/project_1.srcs/sources_1/bd/design_1/ip/design_1_mig_7series_0_1/board.prj
MIG: 10:02:16 : In updateAllModelParams
MIG: 10:02:16 : IGN:     <ModuleName>design_1_mig_7series_0_2</ModuleName> <==>     <ModuleName>design_1_mig_7series_0_1</ModuleName> 
MIG: 10:02:16 : ERR:     <Version>2.2</Version> <==>     <Version>4.0</Version> 
MIG: 10:02:16 : ################# RUNNING MIG BATCH ###################
MIG: 10:02:16 : Writing IN file for 'design_1_mig_7series_0_1'...compDirPath: c:/Xilinx/Vivado/2016.2/data/ip/xilinx/mig_7series_v4_0... instDirPath: w:/ECE532/VGA_TEST_03_30/project_1/project_1.srcs/sources_1/bd/design_1/ip/design_1_mig_7series_0_1
MIG: 10:02:16 : synp_flow:  -- synthesis_mode: Other
MIG: 10:02:16 : outputDirectory: w:/ECE532/VGA_TEST_03_30/project_1/project_1.srcs/sources_1/bd/design_1/ip/design_1_mig_7series_0_1/_tmp/
MIG: 10:02:16 : vivado_mode: xpg_bd
MIG: 10:02:16 : isPortInterface: 0
MIG: 10:02:16 : isPortInterface: 0
MIG: 10:02:16 : isPortInterface: 0
MIG: 10:02:16 : isPortInterface: 0
MIG: 10:02:16 : isPortInterface: 0
MIG: 10:02:16 : isPortInterface: 0
MIG: 10:02:16 : isPortInterface: 0
MIG: 10:02:16 : isPortInterface: 0
MIG: 10:02:16 : isPortInterface: 0
MIG: 10:02:16 : isPortInterface: 0
MIG: 10:02:16 : isPortInterface: 0
MIG: 10:02:16 : isPortInterface: 0
MIG: 10:02:16 : isPortInterface: 0
MIG: 10:02:16 : isPortInterface: 0
MIG: 10:02:16 : isPortInterface: 0
MIG: 10:02:16 : isPortInterface: 0
MIG: 10:02:16 : isPortInterface: 0
MIG: 10:02:16 : isPortInterface: 0
MIG: 10:02:16 : isPortInterface: 0
MIG: 10:02:16 : isPortInterface: 0
MIG: 10:02:16 : isPortInterface: 0
MIG: 10:02:16 : isPortInterface: 0
MIG: 10:02:16 : isPortInterface: 0
MIG: 10:02:16 : isPortInterface: 0
MIG: 10:02:16 : isPortInterface: 0
MIG: 10:02:16 : isPortInterface: 0
MIG: 10:02:16 : isPortInterface: 0
MIG: 10:02:16 : isPortInterface: 0
MIG: 10:02:16 : isPortInterface: 0
MIG: 10:02:16 : isPortInterface: 0
MIG: 10:02:16 : isPortInterface: 0
MIG: 10:02:16 : isPortInterface: 0
MIG: 10:02:16 : isPortInterface: 0
MIG: 10:02:16 : isPortInterface: 0
MIG: 10:02:16 : isPortInterface: 0
MIG: 10:02:16 : isPortInterface: 0
MIG: 10:02:16 : isPortInterface: 0
MIG: 10:02:16 : isPortInterface: 0
MIG: 10:02:16 : isPortInterface: 0
MIG: 10:02:16 : isPortInterface: 0
MIG: 10:02:16 : isPortInterface: 0
MIG: 10:02:16 : isPortInterface: 0
MIG: 10:02:16 : isPortInterface: 0
MIG: 10:02:16 : isPortInterface: 0
MIG: 10:02:16 : isPortInterface: 0
MIG: 10:02:16 : isPortInterface: 0
MIG: 10:02:16 : isPortInterface: 0
MIG: 10:02:16 : isPortInterface: 0
MIG: 10:02:16 : isPortInterface: 0
MIG: 10:02:16 : isPortInterface: 0
MIG: 10:02:16 : isPortInterface: 0
MIG: 10:02:16 : isPortInterface: 0
MIG: 10:02:16 : isPortInterface: 0
MIG: 10:02:16 : isPortInterface: 0
MIG: 10:02:16 : isPortInterface: 0
MIG: 10:02:16 : isPortInterface: 0
MIG: 10:02:16 : isPortInterface: 0
MIG: 10:02:16 : isPortInterface: 0
MIG: 10:02:16 : isPortInterface: 0
MIG: 10:02:16 : isPortInterface: 0
MIG: 10:02:16 : isPortInterface: 0
MIG: 10:02:16 : isPortInterface: 0
MIG: 10:02:16 : isPortInterface: 0
MIG: 10:02:16 : isPortInterface: 0
MIG: 10:02:16 : isPortInterface: 0
MIG: 10:02:16 : isPortInterface: 0
MIG: 10:02:16 : isPortInterface: 0
MIG: 10:02:16 : isPortInterface: 0
MIG: 10:02:16 : isPortInterface: 0
MIG: 10:02:16 : isPortInterface: 0
MIG: 10:02:16 : isPortInterface: 0
MIG: 10:02:16 : isPortInterface: 0
MIG: 10:02:17 : isPortInterface: 0
MIG: 10:02:17 : isPortInterface: 0
MIG: 10:02:17 : isPortInterface: 0
MIG: 10:02:17 : isPortInterface: 0
MIG: 10:02:17 : isPortInterface: 0
MIG: 10:02:17 : isPortInterface: 0
MIG: 10:02:17 : isPortInterface: 0
MIG: 10:02:17 : isPortInterface: 0
MIG: 10:02:17 : isPortInterface: 0
MIG: 10:02:17 : isPortInterface: 0
MIG: 10:02:17 : isPortInterface: 0
MIG: 10:02:17 : isPortInterface: 0
MIG: 10:02:17 : isPortInterface: 0
MIG: 10:02:17 : isPortInterface: 0
MIG: 10:02:17 : isPortInterface: 0
MIG: 10:02:17 : isPortInterface: 0
MIG: 10:02:17 : isPortInterface: 0
MIG: 10:02:17 : isPortInterface: 0
MIG: 10:02:17 : isPortInterface: 0
MIG: 10:02:17 : isPortInterface: 0
MIG: 10:02:17 : isPortInterface: 0
MIG: 10:02:17 : isPortInterface: 0
MIG: 10:02:17 : isPortInterface: 0
MIG: 10:02:17 : isPortInterface: 0
MIG: 10:02:17 : isPortInterface: 0
MIG: 10:02:17 : isPortInterface: 0
MIG: 10:02:17 : isPortInterface: 0
MIG: 10:02:17 : isPortInterface: 0
MIG: 10:02:17 : isPortInterface: 0
MIG: 10:02:17 : isPortInterface: 0
MIG: 10:02:17 : isPortInterface: 0
MIG: 10:02:17 : isPortInterface: 0
MIG: 10:02:17 : isPortInterface: 0
MIG: 10:02:17 : isPortInterface: 0
MIG: 10:02:17 : isPortInterface: 0
MIG: 10:02:17 : isPortInterface: 0
MIG: 10:02:17 : isPortInterface: 0
MIG: 10:02:17 : isPortInterface: 0
MIG: 10:02:17 : isPortInterface: 0
MIG: 10:02:17 : isPortInterface: 0
MIG: 10:02:17 : isPortInterface: 0
MIG: 10:02:17 : isPortInterface: 0
MIG: 10:02:17 : isPortInterface: 0
MIG: 10:02:17 : isPortInterface: 0
MIG: 10:02:17 : isPortInterface: 0
MIG: 10:02:17 : isPortInterface: 1
MIG: 10:02:17 : isPortInterface: 0
MIG: 10:02:17 : isPortInterface: 0
MIG: 10:02:17 : isPortInterface: 0
MIG: 10:02:17 : isPortInterface: 0
MIG: 10:02:17 : isPortInterface: 0
MIG: 10:02:17 : isPortInterface: 0
MIG: 10:02:17 : isPortInterface: 0
MIG: 10:02:17 : isPortInterface: 0
MIG: 10:02:17 : isPortInterface: 0
MIG: 10:02:17 : isPortInterface: 0
MIG: 10:02:17 :  locked false  
MIG: 10:02:17 : HDL Language: Verilog
MIG: 10:02:17 : compInfo: true
MIG: 10:02:17 : Vivado Options xc7a100t csg324 -1
MIG: 10:02:17 : 1: xc7a100t 2: csg324 3: -1
MIG: 10:02:17 : relative mig path: coregen/ip/xilinx/other/com/xilinx/ip/mig_7series_v4_0/bin/nt64/mig.exe
MIG: 10:02:17 : xilinx_path: C:/Xilinx/Vivado/2016.2/ids_lite/ISE
MIG: 10:02:17 : I am in catch area
MIG: 10:02:17 : Running C:/Xilinx/Vivado/2016.2/ids_lite/ISE/coregen/ip/xilinx/other/com/xilinx/ip/mig_7series_v4_0/bin/nt64/mig.exe -cg_exc_inp w:/ECE532/VGA_TEST_03_30/project_1/project_1.srcs/sources_1/bd/design_1/ip/design_1_mig_7series_0_1/xil_txt.in -cg_exc_out w:/ECE532/VGA_TEST_03_30/project_1/project_1.srcs/sources_1/bd/design_1/ip/design_1_mig_7series_0_1/xil_txt.out ... 
MIG: 10:02:24 : XML_INPUT_FILE: w:/ECE532/VGA_TEST_03_30/project_1/project_1.srcs/sources_1/bd/design_1/ip/design_1_mig_7series_0_1/board.prj
MIG: 10:02:24 : Component_Name: design_1_mig_7series_0_1
MIG: 10:02:24 : Moving design_1_mig_7series_0_1 ...
MIG: 10:02:26 : Moving design_1_mig_7series_0_1.veo ...
MIG: 10:02:26 : Moving design_1_mig_7series_0_1_xmdf.tcl ...
MIG: 10:02:26 : XGUI hdlLanguage: Verilog
MIG: 10:02:26 : xgui vivado_mode: xpg_bd
MIG: 10:02:26 : xgui hdlLanguage: Verilog -- hdlExt: v
MIG: 10:02:26 : Reading W:/ECE532/VGA_TEST_03_30/project_1/project_1.srcs/sources_1/bd/design_1/ip/design_1_mig_7series_0_1/design_1_mig_7series_0_1/user_design/rtl/design_1_mig_7series_0_1_mig.v ...
MIG: 10:02:27 : 
MIG: 10:02:27 : Inside fn mem: DDR2
MIG: 10:02:27 : QDRII+ Inside fn ui: 81000000
MIG: 10:02:27 : cntrl:  memtype: DDR2
MIG: 10:02:27 : 
MIG: 10:02:27 :  MMCM_VCO single ctrl param_name: MMCM_VCO --  possibleMaxVcoVal: 1200 
MIG: 10:02:27 : 
MIG: 10:02:27 : 
MIG: 10:02:27 : 
MIG: 10:02:27 : 
MIG: 10:02:27 :  polarity_value: 1
MIG: 10:02:27 : 
MIG: 10:02:27 : 
MIG: 10:02:27 : cntrl:  memtype: DDR2
MIG: 10:02:27 : Prasad ----: isMMCMExtraClkParam:: MMCM_CLKOUT0_EN --- "TRUE"
MIG: 10:02:27 : 
MIG: 10:02:27 :  MMCM Enable Param: MMCM_CLKOUT0_EN ==> TRUE
MIG: 10:02:27 : Prasad ----: isMMCMExtraClkParam:: MMCM_CLKOUT1_EN --- "FALSE"
MIG: 10:02:27 : 
MIG: 10:02:27 :  MMCM Enable Param: MMCM_CLKOUT1_EN ==> FALSE
MIG: 10:02:27 : Prasad ----: isMMCMExtraClkParam:: MMCM_CLKOUT2_EN --- "FALSE"
MIG: 10:02:27 : 
MIG: 10:02:27 :  MMCM Enable Param: MMCM_CLKOUT2_EN ==> FALSE
MIG: 10:02:27 : Prasad ----: isMMCMExtraClkParam:: MMCM_CLKOUT3_EN --- "FALSE"
MIG: 10:02:27 : 
MIG: 10:02:27 :  MMCM Enable Param: MMCM_CLKOUT3_EN ==> FALSE
MIG: 10:02:27 : Prasad ----: isMMCMExtraClkParam:: MMCM_CLKOUT4_EN --- "FALSE"
MIG: 10:02:27 : 
MIG: 10:02:27 :  MMCM Enable Param: MMCM_CLKOUT4_EN ==> FALSE
MIG: 10:02:27 : Prasad ----: isMMCMExtraClkParam:: MMCM_CLKOUT0_DIVIDE --- 12.000
MIG: 10:02:27 : possibleMaxVcoVal:: 1200 ---- paramName: MMCM_CLKOUT0_DIVIDE
MIG: 10:02:27 : 
MIG: 10:02:27 :  MMCM Extra Param: MMCM_CLKOUT0_FREQ ==> 100000000
MIG: 10:02:27 : Prasad ----: isMMCMExtraClkParam:: MMCM_CLKOUT1_DIVIDE --- 1
MIG: 10:02:27 : possibleMaxVcoVal:: 1200 ---- paramName: MMCM_CLKOUT1_DIVIDE
MIG: 10:02:27 : 
MIG: 10:02:27 :  MMCM Extra Param: MMCM_CLKOUT1_FREQ ==> 1200000000
MIG: 10:02:27 : Prasad ----: isMMCMExtraClkParam:: MMCM_CLKOUT2_DIVIDE --- 1
MIG: 10:02:27 : possibleMaxVcoVal:: 1200 ---- paramName: MMCM_CLKOUT2_DIVIDE
MIG: 10:02:27 : 
MIG: 10:02:27 :  MMCM Extra Param: MMCM_CLKOUT2_FREQ ==> 1200000000
MIG: 10:02:27 : Prasad ----: isMMCMExtraClkParam:: MMCM_CLKOUT3_DIVIDE --- 1
MIG: 10:02:27 : possibleMaxVcoVal:: 1200 ---- paramName: MMCM_CLKOUT3_DIVIDE
MIG: 10:02:27 : 
MIG: 10:02:27 :  MMCM Extra Param: MMCM_CLKOUT3_FREQ ==> 1200000000
MIG: 10:02:27 : Prasad ----: isMMCMExtraClkParam:: MMCM_CLKOUT4_DIVIDE --- 1
MIG: 10:02:27 : possibleMaxVcoVal:: 1200 ---- paramName: MMCM_CLKOUT4_DIVIDE
MIG: 10:02:27 : 
MIG: 10:02:27 :  MMCM Extra Param: MMCM_CLKOUT4_FREQ ==> 1200000000
MIG: 10:02:27 :  Invalid Param: DDR2_RST_ACT_LOW ==> 1
MIG: 10:02:27 : 
MIG: 10:02:27 :  Valid Param: DDR2_BANK_WIDTH ==> 3
MIG: 10:02:27 : 
MIG: 10:02:27 :  Valid Param: DDR2_CK_WIDTH ==> 1
MIG: 10:02:27 :  Invalid Param: DDR2_COL_WIDTH ==> 10
MIG: 10:02:27 : 
MIG: 10:02:27 :  Valid Param: DDR2_CS_WIDTH ==> 1
MIG: 10:02:28 : 
MIG: 10:02:28 :  Valid Param: DDR2_nCS_PER_RANK ==> 1
MIG: 10:02:28 : 
MIG: 10:02:28 :  Valid Param: DDR2_CKE_WIDTH ==> 1
MIG: 10:02:28 :  Invalid Param: DDR2_DATA_BUF_ADDR_WIDTH ==> 5
MIG: 10:02:28 :  Invalid Param: DDR2_DQ_CNT_WIDTH ==> 4
MIG: 10:02:28 :  Invalid Param: DDR2_DQ_PER_DM ==> 8
MIG: 10:02:28 : 
MIG: 10:02:28 :  Valid Param: DDR2_DM_WIDTH ==> 2
MIG: 10:02:28 : 
MIG: 10:02:28 :  Valid Param: DDR2_DQ_WIDTH ==> 16
MIG: 10:02:28 : 
MIG: 10:02:28 :  Valid Param: DDR2_DQS_WIDTH ==> 2
MIG: 10:02:28 : 
MIG: 10:02:28 :  Valid Param: DDR2_DQS_CNT_WIDTH ==> 1
MIG: 10:02:28 :  Invalid Param: DDR2_DRAM_WIDTH ==> 8
MIG: 10:02:28 : 
MIG: 10:02:28 :  Valid Param: ECC ==> OFF
MIG: 10:02:28 : 
MIG: 10:02:28 :  Valid Param: DDR2_DATA_WIDTH ==> 16
MIG: 10:02:28 :  Invalid Param: ECC_TEST ==> "OFF"
MIG: 10:02:28 :  Invalid Param: DDR2_PAYLOAD_WIDTH ==> (ECC_TEST == "OFF") ? DATA_WIDTH : DQ_WIDTH
MIG: 10:02:28 :  Invalid Param: DDR2_MEM_ADDR_ORDER ==> "BANK_ROW_COLUMN"
MIG: 10:02:28 :  Invalid Param: DDR2_nBANK_MACHS ==> 4
MIG: 10:02:28 :  Invalid Param: DDR2_RANKS ==> 1
MIG: 10:02:28 : 
MIG: 10:02:28 :  Valid Param: DDR2_ODT_WIDTH ==> 1
MIG: 10:02:28 : 
MIG: 10:02:28 :  Valid Param: DDR2_ROW_WIDTH ==> 13
MIG: 10:02:28 : 
MIG: 10:02:28 :  Valid Param: DDR2_ADDR_WIDTH ==> 27
MIG: 10:02:28 : 
MIG: 10:02:28 :  Valid Param: DDR2_USE_CS_PORT ==> 1
MIG: 10:02:28 : 
MIG: 10:02:28 :  Valid Param: DDR2_USE_DM_PORT ==> 1
MIG: 10:02:28 : 
MIG: 10:02:28 :  Valid Param: DDR2_USE_ODT_PORT ==> 1
MIG: 10:02:28 :  Invalid Param: DDR2_PHY_CONTROL_MASTER_BANK ==> 0
MIG: 10:02:28 :  Invalid Param: DDR2_MEM_DENSITY ==> "1Gb"
MIG: 10:02:28 :  Invalid Param: DDR2_MEM_SPEEDGRADE ==> "25E"
MIG: 10:02:28 :  Invalid Param: DDR2_MEM_DEVICE_WIDTH ==> 16
MIG: 10:02:28 :  Invalid Param: DDR2_AL ==> "0"
MIG: 10:02:28 :  Invalid Param: DDR2_nAL ==> 0
MIG: 10:02:28 :  Invalid Param: DDR2_BURST_MODE ==> "8"
MIG: 10:02:28 :  Invalid Param: DDR2_BURST_TYPE ==> "SEQ"
MIG: 10:02:28 :  Invalid Param: DDR2_CL ==> 5
MIG: 10:02:28 :  Invalid Param: DDR2_OUTPUT_DRV ==> "HIGH"
MIG: 10:02:28 :  Invalid Param: DDR2_RTT_NOM ==> "50"
MIG: 10:02:28 :  Invalid Param: DDR2_ADDR_CMD_MODE ==> "1T"
MIG: 10:02:28 : 
MIG: 10:02:28 :  Valid Param: DDR2_REG_CTRL ==> OFF
MIG: 10:02:28 :  Invalid Param: DDR2_CLKIN_PERIOD ==> 5000
MIG: 10:02:28 :  Invalid Param: DDR2_CLKFBOUT_MULT ==> 13
MIG: 10:02:28 :  Invalid Param: DDR2_DIVCLK_DIVIDE ==> 2
MIG: 10:02:28 :  Invalid Param: DDR2_CLKOUT0_PHASE ==> 0.0
MIG: 10:02:28 :  Invalid Param: DDR2_CLKOUT0_DIVIDE ==> 2
MIG: 10:02:28 :  Invalid Param: DDR2_CLKOUT1_DIVIDE ==> 4
MIG: 10:02:28 :  Invalid Param: DDR2_CLKOUT2_DIVIDE ==> 64
MIG: 10:02:28 :  Invalid Param: DDR2_CLKOUT3_DIVIDE ==> 16
MIG: 10:02:28 :  Invalid Param: DDR2_MMCM_VCO ==> 1200
MIG: 10:02:28 :  Invalid Param: DDR2_MMCM_MULT_F ==> 14
MIG: 10:02:28 :  Invalid Param: DDR2_MMCM_DIVCLK_DIVIDE ==> 1
MIG: 10:02:28 :  Invalid Param: DDR2_MMCM_CLKOUT0_EN ==> "TRUE"
MIG: 10:02:28 :  Invalid Param: DDR2_MMCM_CLKOUT1_EN ==> "FALSE"
MIG: 10:02:28 :  Invalid Param: DDR2_MMCM_CLKOUT2_EN ==> "FALSE"
MIG: 10:02:28 :  Invalid Param: DDR2_MMCM_CLKOUT3_EN ==> "FALSE"
MIG: 10:02:28 :  Invalid Param: DDR2_MMCM_CLKOUT4_EN ==> "FALSE"
MIG: 10:02:28 :  Invalid Param: DDR2_MMCM_CLKOUT0_DIVIDE ==> 12.000
MIG: 10:02:28 :  Invalid Param: DDR2_MMCM_CLKOUT1_DIVIDE ==> 1
MIG: 10:02:28 :  Invalid Param: DDR2_MMCM_CLKOUT2_DIVIDE ==> 1
MIG: 10:02:28 :  Invalid Param: DDR2_MMCM_CLKOUT3_DIVIDE ==> 1
MIG: 10:02:28 :  Invalid Param: DDR2_MMCM_CLKOUT4_DIVIDE ==> 1
MIG: 10:02:28 :  Invalid Param: DDR2_tCKE ==> 7500
MIG: 10:02:28 :  Invalid Param: DDR2_tFAW ==> 45000
MIG: 10:02:28 :  Invalid Param: DDR2_tPRDI ==> 1_000_000
MIG: 10:02:28 :  Invalid Param: DDR2_tRAS ==> 40000
MIG: 10:02:28 :  Invalid Param: DDR2_tRCD ==> 15000
MIG: 10:02:28 :  Invalid Param: DDR2_tREFI ==> 7800000
MIG: 10:02:28 :  Invalid Param: DDR2_tRFC ==> 127500
MIG: 10:02:28 :  Invalid Param: DDR2_tRP ==> 12500
MIG: 10:02:28 :  Invalid Param: DDR2_tRRD ==> 10000
MIG: 10:02:28 :  Invalid Param: DDR2_tRTP ==> 7500
MIG: 10:02:28 :  Invalid Param: DDR2_tWTR ==> 7500
MIG: 10:02:28 :  Invalid Param: DDR2_tZQI ==> 128_000_000
MIG: 10:02:28 :  Invalid Param: DDR2_tZQCS ==> 64
MIG: 10:02:28 :  Invalid Param: DDR2_SIM_BYPASS_INIT_CAL ==> "OFF"
MIG: 10:02:28 :  Invalid Param: DDR2_SIMULATION ==> "FALSE"
MIG: 10:02:28 :  Invalid Param: DDR2_BYTE_LANES_B0 ==> 4'b1111
MIG: 10:02:28 :  Invalid Param: DDR2_BYTE_LANES_B1 ==> 4'b0000
MIG: 10:02:28 :  Invalid Param: DDR2_BYTE_LANES_B2 ==> 4'b0000
MIG: 10:02:28 :  Invalid Param: DDR2_BYTE_LANES_B3 ==> 4'b0000
MIG: 10:02:28 :  Invalid Param: DDR2_BYTE_LANES_B4 ==> 4'b0000
MIG: 10:02:28 :  Invalid Param: DDR2_DATA_CTL_B0 ==> 4'b0101
MIG: 10:02:28 :  Invalid Param: DDR2_DATA_CTL_B1 ==> 4'b0000
MIG: 10:02:28 :  Invalid Param: DDR2_DATA_CTL_B2 ==> 4'b0000
MIG: 10:02:28 :  Invalid Param: DDR2_DATA_CTL_B3 ==> 4'b0000
MIG: 10:02:28 :  Invalid Param: DDR2_DATA_CTL_B4 ==> 4'b0000
MIG: 10:02:28 :  Invalid Param: DDR2_PHY_0_BITLANES ==> 48'hFFC_3F7_FFF_3FE
MIG: 10:02:28 :  Invalid Param: DDR2_PHY_1_BITLANES ==> 48'h000_000_000_000
MIG: 10:02:28 :  Invalid Param: DDR2_PHY_2_BITLANES ==> 48'h000_000_000_000
MIG: 10:02:28 :  Invalid Param: DDR2_CK_BYTE_MAP ==> 144'h00_00_00_00_00_00_00_00_00_00_00_00_00_00_00_00_00_03
MIG: 10:02:28 :  Invalid Param: DDR2_ADDR_MAP ==> 192'h000_000_000_010_033_01A_019_032_03A_034_018_036_012_011_017_015
MIG: 10:02:28 :  Invalid Param: DDR2_BANK_MAP ==> 36'h013_016_01B
MIG: 10:02:28 :  Invalid Param: DDR2_CAS_MAP ==> 12'h039
MIG: 10:02:28 :  Invalid Param: DDR2_CKE_ODT_BYTE_MAP ==> 8'h00
MIG: 10:02:28 :  Invalid Param: DDR2_CKE_MAP ==> 96'h000_000_000_000_000_000_000_038
MIG: 10:02:28 :  Invalid Param: DDR2_ODT_MAP ==> 96'h000_000_000_000_000_000_000_035
MIG: 10:02:28 :  Invalid Param: DDR2_CS_MAP ==> 120'h000_000_000_000_000_000_000_000_000_037
MIG: 10:02:28 :  Invalid Param: DDR2_PARITY_MAP ==> 12'h000
MIG: 10:02:28 :  Invalid Param: DDR2_RAS_MAP ==> 12'h014
MIG: 10:02:28 :  Invalid Param: DDR2_WE_MAP ==> 12'h03B
MIG: 10:02:28 :  Invalid Param: DDR2_DQS_BYTE_MAP ==> 144'h00_00_00_00_00_00_00_00_00_00_00_00_00_00_00_00_02_00
MIG: 10:02:28 :  Invalid Param: DDR2_DATA0_MAP ==> 96'h008_004_009_007_005_001_006_003
MIG: 10:02:28 :  Invalid Param: DDR2_DATA1_MAP ==> 96'h022_028_020_024_027_025_026_021
MIG: 10:02:28 :  Invalid Param: DDR2_DATA2_MAP ==> 96'h000_000_000_000_000_000_000_000
MIG: 10:02:28 :  Invalid Param: DDR2_DATA3_MAP ==> 96'h000_000_000_000_000_000_000_000
MIG: 10:02:28 :  Invalid Param: DDR2_DATA4_MAP ==> 96'h000_000_000_000_000_000_000_000
MIG: 10:02:28 :  Invalid Param: DDR2_DATA5_MAP ==> 96'h000_000_000_000_000_000_000_000
MIG: 10:02:28 :  Invalid Param: DDR2_DATA6_MAP ==> 96'h000_000_000_000_000_000_000_000
MIG: 10:02:28 :  Invalid Param: DDR2_DATA7_MAP ==> 96'h000_000_000_000_000_000_000_000
MIG: 10:02:28 :  Invalid Param: DDR2_DATA8_MAP ==> 96'h000_000_000_000_000_000_000_000
MIG: 10:02:28 :  Invalid Param: DDR2_DATA9_MAP ==> 96'h000_000_000_000_000_000_000_000
MIG: 10:02:28 :  Invalid Param: DDR2_DATA10_MAP ==> 96'h000_000_000_000_000_000_000_000
MIG: 10:02:28 :  Invalid Param: DDR2_DATA11_MAP ==> 96'h000_000_000_000_000_000_000_000
MIG: 10:02:28 :  Invalid Param: DDR2_DATA12_MAP ==> 96'h000_000_000_000_000_000_000_000
MIG: 10:02:28 :  Invalid Param: DDR2_DATA13_MAP ==> 96'h000_000_000_000_000_000_000_000
MIG: 10:02:28 :  Invalid Param: DDR2_DATA14_MAP ==> 96'h000_000_000_000_000_000_000_000
MIG: 10:02:28 :  Invalid Param: DDR2_DATA15_MAP ==> 96'h000_000_000_000_000_000_000_000
MIG: 10:02:28 :  Invalid Param: DDR2_DATA16_MAP ==> 96'h000_000_000_000_000_000_000_000
MIG: 10:02:28 :  Invalid Param: DDR2_DATA17_MAP ==> 96'h000_000_000_000_000_000_000_000
MIG: 10:02:28 :  Invalid Param: DDR2_MASK0_MAP ==> 108'h000_000_000_000_000_000_000_029_002
MIG: 10:02:28 :  Invalid Param: DDR2_MASK1_MAP ==> 108'h000_000_000_000_000_000_000_000_000
MIG: 10:02:28 :  Invalid Param: DDR2_SLOT_0_CONFIG ==> 8'b0000_0001
MIG: 10:02:28 :  Invalid Param: DDR2_SLOT_1_CONFIG ==> 8'b0000_0000
MIG: 10:02:28 :  Invalid Param: DDR2_IBUF_LPWR_MODE ==> "OFF"
MIG: 10:02:28 :  Invalid Param: DDR2_DATA_IO_IDLE_PWRDWN ==> "ON"
MIG: 10:02:28 :  Invalid Param: DDR2_BANK_TYPE ==> "HR_IO"
MIG: 10:02:28 :  Invalid Param: DDR2_DATA_IO_PRIM_TYPE ==> "HR_LP"
MIG: 10:02:28 :  Invalid Param: DDR2_CKE_ODT_AUX ==> "FALSE"
MIG: 10:02:28 :  Invalid Param: DDR2_USER_REFRESH ==> "OFF"
MIG: 10:02:28 :  Invalid Param: DDR2_WRLVL ==> "OFF"
MIG: 10:02:28 :  Invalid Param: DDR2_ORDERING ==> "NORM"
MIG: 10:02:28 :  Invalid Param: DDR2_CALIB_ROW_ADD ==> 16'h0000
MIG: 10:02:28 :  Invalid Param: DDR2_CALIB_COL_ADD ==> 12'h000
MIG: 10:02:28 :  Invalid Param: DDR2_CALIB_BA_ADD ==> 3'h0
MIG: 10:02:28 :  Invalid Param: DDR2_TCQ ==> 100
MIG: 10:02:28 :  Invalid Param: DDR2_IODELAY_GRP0 ==> "DESIGN_1_MIG_7SERIES_0_1_IODELAY_MIG0"
MIG: 10:02:28 :  Invalid Param: DDR2_SYSCLK_TYPE ==> "NO_BUFFER"
MIG: 10:02:28 :  Invalid Param: DDR2_REFCLK_TYPE ==> "USE_SYSTEM_CLOCK"
MIG: 10:02:28 :  Invalid Param: DDR2_SYS_RST_PORT ==> "FALSE"
MIG: 10:02:28 :  Invalid Param: DDR2_CMD_PIPE_PLUS1 ==> "ON"
MIG: 10:02:28 :  Invalid Param: DDR2_DRAM_TYPE ==> "DDR2"
MIG: 10:02:28 :  Invalid Param: DDR2_CAL_WIDTH ==> "HALF"
MIG: 10:02:28 :  Invalid Param: DDR2_STARVE_LIMIT ==> 2
MIG: 10:02:28 :  Invalid Param: DDR2_REFCLK_FREQ ==> 200.0
MIG: 10:02:28 :  Invalid Param: DDR2_DIFF_TERM_REFCLK ==> "TRUE"
MIG: 10:02:28 :  Invalid Param: DDR2_tCK ==> 3077
MIG: 10:02:28 : 
MIG: 10:02:28 :  Valid Param: DDR2_nCK_PER_CLK ==> 4
MIG: 10:02:28 :  Invalid Param: DDR2_DIFF_TERM_SYSCLK ==> "TRUE"
MIG: 10:02:28 : 
MIG: 10:02:28 :  Valid Param: UI_EXTRA_CLOCKS ==> TRUE
MIG: 10:02:28 : 
MIG: 10:02:28 :  Valid Param: C_S_AXI_ID_WIDTH ==> 1
MIG: 10:02:28 : 
MIG: 10:02:28 :  Valid Param: C_S_AXI_MEM_SIZE ==> 134217728
MIG: 10:02:28 : 
MIG: 10:02:28 :  Valid Param: C_S_AXI_ADDR_WIDTH ==> 32
MIG: 10:02:28 : 
MIG: 10:02:28 :  Valid Param: C_S_AXI_DATA_WIDTH ==> 64
MIG: 10:02:28 :  Invalid Param: DDR2_C_MC_nCK_PER_CLK ==> 4
MIG: 10:02:28 :  Invalid Param: C_S_AXI_SUPPORTS_NARROW_BURST ==> 0
MIG: 10:02:28 :  Invalid Param: DDR2_C_RD_WR_ARB_ALGORITHM ==> "RD_PRI_REG"
MIG: 10:02:28 :  Invalid Param: C_S_AXI_REG_EN0 ==> 20'h00000
MIG: 10:02:28 :  Invalid Param: C_S_AXI_REG_EN1 ==> 20'h00000
MIG: 10:02:28 : 
MIG: 10:02:29 :  Valid Param: C_S_AXI_CTRL_ADDR_WIDTH ==> 32
MIG: 10:02:29 : 
MIG: 10:02:29 :  Valid Param: C_S_AXI_CTRL_DATA_WIDTH ==> 32
MIG: 10:02:29 :  Invalid Param: C_S_AXI_BASEADDR ==> 32'h0000_0000
MIG: 10:02:29 :  Invalid Param: C_ECC_ONOFF_RESET_VALUE ==> 1
MIG: 10:02:29 :  Invalid Param: C_ECC_CE_COUNTER_WIDTH ==> 8
MIG: 10:02:29 : 
MIG: 10:02:29 :  Valid Param: DDR2_DEBUG_PORT ==> OFF
MIG: 10:02:29 : 
MIG: 10:02:29 :  Invalid Param: DDR2_TEMP_MON_CONTROL ==> "INTERNAL"
MIG: 10:02:29 : 
MIG: 10:02:29 : 
MIG: 10:02:29 : 
MIG: 10:02:29 : Same Interface
MIG: 10:02:38 : xml_input_file: board.prj
MIG: 10:02:38 : Absolute path of xml_input_file: w:/ECE532/VGA_TEST_03_30/project_1/project_1.srcs/sources_1/bd/design_1/ip/design_1_mig_7series_0_1/board.prj
MIG: 10:02:38 : In updateAllModelParams
MIG: 10:02:38 : IGN:     <ModuleName>design_1_mig_7series_0_2</ModuleName> <==>     <ModuleName>design_1_mig_7series_0_1</ModuleName> 
MIG: 10:02:38 : ERR:     <Version>2.2</Version> <==>     <Version>4.0</Version> 
MIG: 10:02:38 : ################# RUNNING MIG BATCH ###################
MIG: 10:02:38 : Writing IN file for 'design_1_mig_7series_0_1'...compDirPath: c:/Xilinx/Vivado/2016.2/data/ip/xilinx/mig_7series_v4_0... instDirPath: w:/ECE532/VGA_TEST_03_30/project_1/project_1.srcs/sources_1/bd/design_1/ip/design_1_mig_7series_0_1
MIG: 10:02:38 : synp_flow:  -- synthesis_mode: Other
MIG: 10:02:38 : outputDirectory: w:/ECE532/VGA_TEST_03_30/project_1/project_1.srcs/sources_1/bd/design_1/ip/design_1_mig_7series_0_1/_tmp/
MIG: 10:02:38 : vivado_mode: xpg_bd
MIG: 10:02:38 : isPortInterface: 0
MIG: 10:02:38 : isPortInterface: 0
MIG: 10:02:38 : isPortInterface: 0
MIG: 10:02:38 : isPortInterface: 0
MIG: 10:02:38 : isPortInterface: 0
MIG: 10:02:38 : isPortInterface: 0
MIG: 10:02:38 : isPortInterface: 0
MIG: 10:02:38 : isPortInterface: 0
MIG: 10:02:38 : isPortInterface: 0
MIG: 10:02:38 : isPortInterface: 0
MIG: 10:02:38 : isPortInterface: 0
MIG: 10:02:38 : isPortInterface: 0
MIG: 10:02:38 : isPortInterface: 0
MIG: 10:02:38 : isPortInterface: 0
MIG: 10:02:38 : isPortInterface: 0
MIG: 10:02:38 : isPortInterface: 0
MIG: 10:02:38 : isPortInterface: 0
MIG: 10:02:38 : isPortInterface: 0
MIG: 10:02:38 : isPortInterface: 0
MIG: 10:02:38 : isPortInterface: 0
MIG: 10:02:38 : isPortInterface: 0
MIG: 10:02:38 : isPortInterface: 0
MIG: 10:02:38 : isPortInterface: 0
MIG: 10:02:38 : isPortInterface: 0
MIG: 10:02:38 : isPortInterface: 0
MIG: 10:02:38 : isPortInterface: 0
MIG: 10:02:38 : isPortInterface: 0
MIG: 10:02:38 : isPortInterface: 0
MIG: 10:02:38 : isPortInterface: 0
MIG: 10:02:38 : isPortInterface: 0
MIG: 10:02:38 : isPortInterface: 0
MIG: 10:02:38 : isPortInterface: 0
MIG: 10:02:38 : isPortInterface: 0
MIG: 10:02:38 : isPortInterface: 0
MIG: 10:02:38 : isPortInterface: 0
MIG: 10:02:38 : isPortInterface: 0
MIG: 10:02:38 : isPortInterface: 0
MIG: 10:02:38 : isPortInterface: 0
MIG: 10:02:38 : isPortInterface: 0
MIG: 10:02:39 : isPortInterface: 0
MIG: 10:02:39 : isPortInterface: 0
MIG: 10:02:39 : isPortInterface: 0
MIG: 10:02:39 : isPortInterface: 0
MIG: 10:02:39 : isPortInterface: 0
MIG: 10:02:39 : isPortInterface: 0
MIG: 10:02:39 : isPortInterface: 0
MIG: 10:02:39 : isPortInterface: 0
MIG: 10:02:39 : isPortInterface: 0
MIG: 10:02:39 : isPortInterface: 0
MIG: 10:02:39 : isPortInterface: 0
MIG: 10:02:39 : isPortInterface: 0
MIG: 10:02:39 : isPortInterface: 0
MIG: 10:02:39 : isPortInterface: 0
MIG: 10:02:39 : isPortInterface: 0
MIG: 10:02:39 : isPortInterface: 0
MIG: 10:02:39 : isPortInterface: 0
MIG: 10:02:39 : isPortInterface: 0
MIG: 10:02:39 : isPortInterface: 0
MIG: 10:02:39 : isPortInterface: 0
MIG: 10:02:39 : isPortInterface: 0
MIG: 10:02:39 : isPortInterface: 0
MIG: 10:02:39 : isPortInterface: 0
MIG: 10:02:39 : isPortInterface: 0
MIG: 10:02:39 : isPortInterface: 0
MIG: 10:02:39 : isPortInterface: 0
MIG: 10:02:39 : isPortInterface: 0
MIG: 10:02:39 : isPortInterface: 0
MIG: 10:02:39 : isPortInterface: 0
MIG: 10:02:39 : isPortInterface: 0
MIG: 10:02:39 : isPortInterface: 0
MIG: 10:02:39 : isPortInterface: 0
MIG: 10:02:39 : isPortInterface: 0
MIG: 10:02:39 : isPortInterface: 0
MIG: 10:02:39 : isPortInterface: 0
MIG: 10:02:39 : isPortInterface: 0
MIG: 10:02:39 : isPortInterface: 0
MIG: 10:02:39 : isPortInterface: 0
MIG: 10:02:39 : isPortInterface: 0
MIG: 10:02:39 : isPortInterface: 0
MIG: 10:02:39 : isPortInterface: 0
MIG: 10:02:39 : isPortInterface: 0
MIG: 10:02:39 : isPortInterface: 0
MIG: 10:02:39 : isPortInterface: 0
MIG: 10:02:39 : isPortInterface: 0
MIG: 10:02:39 : isPortInterface: 0
MIG: 10:02:39 : isPortInterface: 0
MIG: 10:02:39 : isPortInterface: 0
MIG: 10:02:39 : isPortInterface: 0
MIG: 10:02:39 : isPortInterface: 0
MIG: 10:02:39 : isPortInterface: 0
MIG: 10:02:39 : isPortInterface: 0
MIG: 10:02:39 : isPortInterface: 0
MIG: 10:02:39 : isPortInterface: 0
MIG: 10:02:39 : isPortInterface: 0
MIG: 10:02:39 : isPortInterface: 0
MIG: 10:02:39 : isPortInterface: 0
MIG: 10:02:39 : isPortInterface: 0
MIG: 10:02:39 : isPortInterface: 0
MIG: 10:02:39 : isPortInterface: 0
MIG: 10:02:39 : isPortInterface: 0
MIG: 10:02:39 : isPortInterface: 0
MIG: 10:02:39 : isPortInterface: 0
MIG: 10:02:39 : isPortInterface: 0
MIG: 10:02:39 : isPortInterface: 0
MIG: 10:02:39 : isPortInterface: 0
MIG: 10:02:39 : isPortInterface: 0
MIG: 10:02:39 : isPortInterface: 0
MIG: 10:02:39 : isPortInterface: 0
MIG: 10:02:39 : isPortInterface: 0
MIG: 10:02:39 : isPortInterface: 0
MIG: 10:02:39 : isPortInterface: 0
MIG: 10:02:39 : isPortInterface: 0
MIG: 10:02:39 : isPortInterface: 0
MIG: 10:02:39 : isPortInterface: 0
MIG: 10:02:39 : isPortInterface: 0
MIG: 10:02:39 : isPortInterface: 0
MIG: 10:02:39 : isPortInterface: 0
MIG: 10:02:39 : isPortInterface: 1
MIG: 10:02:39 : isPortInterface: 0
MIG: 10:02:39 : isPortInterface: 0
MIG: 10:02:39 : isPortInterface: 0
MIG: 10:02:39 : isPortInterface: 0
MIG: 10:02:39 : isPortInterface: 0
MIG: 10:02:39 : isPortInterface: 0
MIG: 10:02:39 : isPortInterface: 0
MIG: 10:02:39 : isPortInterface: 0
MIG: 10:02:39 : isPortInterface: 0
MIG: 10:02:39 : isPortInterface: 0
MIG: 10:02:39 :  locked false  
MIG: 10:02:39 : HDL Language: Verilog
MIG: 10:02:39 : compInfo: true
MIG: 10:02:39 : Vivado Options xc7a100t csg324 -1
MIG: 10:02:39 : 1: xc7a100t 2: csg324 3: -1
MIG: 10:02:39 : relative mig path: coregen/ip/xilinx/other/com/xilinx/ip/mig_7series_v4_0/bin/nt64/mig.exe
MIG: 10:02:39 : xilinx_path: C:/Xilinx/Vivado/2016.2/ids_lite/ISE
MIG: 10:02:39 : I am in catch area
MIG: 10:02:39 : Running C:/Xilinx/Vivado/2016.2/ids_lite/ISE/coregen/ip/xilinx/other/com/xilinx/ip/mig_7series_v4_0/bin/nt64/mig.exe -cg_exc_inp w:/ECE532/VGA_TEST_03_30/project_1/project_1.srcs/sources_1/bd/design_1/ip/design_1_mig_7series_0_1/xil_txt.in -cg_exc_out w:/ECE532/VGA_TEST_03_30/project_1/project_1.srcs/sources_1/bd/design_1/ip/design_1_mig_7series_0_1/xil_txt.out ... 
MIG: 10:02:46 : XML_INPUT_FILE: w:/ECE532/VGA_TEST_03_30/project_1/project_1.srcs/sources_1/bd/design_1/ip/design_1_mig_7series_0_1/board.prj
MIG: 10:02:46 : Component_Name: design_1_mig_7series_0_1
MIG: 10:02:46 : Moving design_1_mig_7series_0_1 ...
MIG: 10:02:48 : Moving design_1_mig_7series_0_1.veo ...
MIG: 10:02:48 : Moving design_1_mig_7series_0_1_xmdf.tcl ...
MIG: 10:02:48 : XGUI hdlLanguage: Verilog
MIG: 10:02:48 : xgui vivado_mode: xpg_bd
MIG: 10:02:48 : xgui hdlLanguage: Verilog -- hdlExt: v
MIG: 10:02:48 : Reading W:/ECE532/VGA_TEST_03_30/project_1/project_1.srcs/sources_1/bd/design_1/ip/design_1_mig_7series_0_1/design_1_mig_7series_0_1/user_design/rtl/design_1_mig_7series_0_1_mig.v ...
MIG: 10:02:49 : 
MIG: 10:02:49 : Inside fn mem: DDR2
MIG: 10:02:49 : QDRII+ Inside fn ui: 81000000
MIG: 10:02:49 : cntrl:  memtype: DDR2
MIG: 10:02:49 : 
MIG: 10:02:49 :  MMCM_VCO single ctrl param_name: MMCM_VCO --  possibleMaxVcoVal: 1200 
MIG: 10:02:49 : 
MIG: 10:02:49 : 
MIG: 10:02:49 : 
MIG: 10:02:49 : 
MIG: 10:02:49 :  polarity_value: 1
MIG: 10:02:49 : 
MIG: 10:02:49 : 
MIG: 10:02:49 : cntrl:  memtype: DDR2
MIG: 10:02:49 : Prasad ----: isMMCMExtraClkParam:: MMCM_CLKOUT0_EN --- "TRUE"
MIG: 10:02:49 : 
MIG: 10:02:49 :  MMCM Enable Param: MMCM_CLKOUT0_EN ==> TRUE
MIG: 10:02:49 : Prasad ----: isMMCMExtraClkParam:: MMCM_CLKOUT1_EN --- "FALSE"
MIG: 10:02:49 : 
MIG: 10:02:49 :  MMCM Enable Param: MMCM_CLKOUT1_EN ==> FALSE
MIG: 10:02:49 : Prasad ----: isMMCMExtraClkParam:: MMCM_CLKOUT2_EN --- "FALSE"
MIG: 10:02:49 : 
MIG: 10:02:49 :  MMCM Enable Param: MMCM_CLKOUT2_EN ==> FALSE
MIG: 10:02:49 : Prasad ----: isMMCMExtraClkParam:: MMCM_CLKOUT3_EN --- "FALSE"
MIG: 10:02:49 : 
MIG: 10:02:49 :  MMCM Enable Param: MMCM_CLKOUT3_EN ==> FALSE
MIG: 10:02:49 : Prasad ----: isMMCMExtraClkParam:: MMCM_CLKOUT4_EN --- "FALSE"
MIG: 10:02:49 : 
MIG: 10:02:49 :  MMCM Enable Param: MMCM_CLKOUT4_EN ==> FALSE
MIG: 10:02:49 : Prasad ----: isMMCMExtraClkParam:: MMCM_CLKOUT0_DIVIDE --- 12.000
MIG: 10:02:49 : possibleMaxVcoVal:: 1200 ---- paramName: MMCM_CLKOUT0_DIVIDE
MIG: 10:02:49 : 
MIG: 10:02:49 :  MMCM Extra Param: MMCM_CLKOUT0_FREQ ==> 100000000
MIG: 10:02:49 : Prasad ----: isMMCMExtraClkParam:: MMCM_CLKOUT1_DIVIDE --- 1
MIG: 10:02:49 : possibleMaxVcoVal:: 1200 ---- paramName: MMCM_CLKOUT1_DIVIDE
MIG: 10:02:49 : 
MIG: 10:02:49 :  MMCM Extra Param: MMCM_CLKOUT1_FREQ ==> 1200000000
MIG: 10:02:49 : Prasad ----: isMMCMExtraClkParam:: MMCM_CLKOUT2_DIVIDE --- 1
MIG: 10:02:49 : possibleMaxVcoVal:: 1200 ---- paramName: MMCM_CLKOUT2_DIVIDE
MIG: 10:02:49 : 
MIG: 10:02:49 :  MMCM Extra Param: MMCM_CLKOUT2_FREQ ==> 1200000000
MIG: 10:02:49 : Prasad ----: isMMCMExtraClkParam:: MMCM_CLKOUT3_DIVIDE --- 1
MIG: 10:02:49 : possibleMaxVcoVal:: 1200 ---- paramName: MMCM_CLKOUT3_DIVIDE
MIG: 10:02:49 : 
MIG: 10:02:49 :  MMCM Extra Param: MMCM_CLKOUT3_FREQ ==> 1200000000
MIG: 10:02:49 : Prasad ----: isMMCMExtraClkParam:: MMCM_CLKOUT4_DIVIDE --- 1
MIG: 10:02:49 : possibleMaxVcoVal:: 1200 ---- paramName: MMCM_CLKOUT4_DIVIDE
MIG: 10:02:49 : 
MIG: 10:02:49 :  MMCM Extra Param: MMCM_CLKOUT4_FREQ ==> 1200000000
MIG: 10:02:49 :  Invalid Param: DDR2_RST_ACT_LOW ==> 1
MIG: 10:02:49 : 
MIG: 10:02:49 :  Valid Param: DDR2_BANK_WIDTH ==> 3
MIG: 10:02:49 : 
MIG: 10:02:49 :  Valid Param: DDR2_CK_WIDTH ==> 1
MIG: 10:02:49 :  Invalid Param: DDR2_COL_WIDTH ==> 10
MIG: 10:02:49 : 
MIG: 10:02:49 :  Valid Param: DDR2_CS_WIDTH ==> 1
MIG: 10:02:49 : 
MIG: 10:02:49 :  Valid Param: DDR2_nCS_PER_RANK ==> 1
MIG: 10:02:49 : 
MIG: 10:02:49 :  Valid Param: DDR2_CKE_WIDTH ==> 1
MIG: 10:02:49 :  Invalid Param: DDR2_DATA_BUF_ADDR_WIDTH ==> 5
MIG: 10:02:49 :  Invalid Param: DDR2_DQ_CNT_WIDTH ==> 4
MIG: 10:02:49 :  Invalid Param: DDR2_DQ_PER_DM ==> 8
MIG: 10:02:49 : 
MIG: 10:02:49 :  Valid Param: DDR2_DM_WIDTH ==> 2
MIG: 10:02:49 : 
MIG: 10:02:49 :  Valid Param: DDR2_DQ_WIDTH ==> 16
MIG: 10:02:49 : 
MIG: 10:02:49 :  Valid Param: DDR2_DQS_WIDTH ==> 2
MIG: 10:02:50 : 
MIG: 10:02:50 :  Valid Param: DDR2_DQS_CNT_WIDTH ==> 1
MIG: 10:02:50 :  Invalid Param: DDR2_DRAM_WIDTH ==> 8
MIG: 10:02:50 : 
MIG: 10:02:50 :  Valid Param: ECC ==> OFF
MIG: 10:02:50 : 
MIG: 10:02:50 :  Valid Param: DDR2_DATA_WIDTH ==> 16
MIG: 10:02:50 :  Invalid Param: ECC_TEST ==> "OFF"
MIG: 10:02:50 :  Invalid Param: DDR2_PAYLOAD_WIDTH ==> (ECC_TEST == "OFF") ? DATA_WIDTH : DQ_WIDTH
MIG: 10:02:50 :  Invalid Param: DDR2_MEM_ADDR_ORDER ==> "BANK_ROW_COLUMN"
MIG: 10:02:50 :  Invalid Param: DDR2_nBANK_MACHS ==> 4
MIG: 10:02:50 :  Invalid Param: DDR2_RANKS ==> 1
MIG: 10:02:50 : 
MIG: 10:02:50 :  Valid Param: DDR2_ODT_WIDTH ==> 1
MIG: 10:02:50 : 
MIG: 10:02:50 :  Valid Param: DDR2_ROW_WIDTH ==> 13
MIG: 10:02:50 : 
MIG: 10:02:50 :  Valid Param: DDR2_ADDR_WIDTH ==> 27
MIG: 10:02:50 : 
MIG: 10:02:50 :  Valid Param: DDR2_USE_CS_PORT ==> 1
MIG: 10:02:50 : 
MIG: 10:02:50 :  Valid Param: DDR2_USE_DM_PORT ==> 1
MIG: 10:02:50 : 
MIG: 10:02:50 :  Valid Param: DDR2_USE_ODT_PORT ==> 1
MIG: 10:02:50 :  Invalid Param: DDR2_PHY_CONTROL_MASTER_BANK ==> 0
MIG: 10:02:50 :  Invalid Param: DDR2_MEM_DENSITY ==> "1Gb"
MIG: 10:02:50 :  Invalid Param: DDR2_MEM_SPEEDGRADE ==> "25E"
MIG: 10:02:50 :  Invalid Param: DDR2_MEM_DEVICE_WIDTH ==> 16
MIG: 10:02:50 :  Invalid Param: DDR2_AL ==> "0"
MIG: 10:02:50 :  Invalid Param: DDR2_nAL ==> 0
MIG: 10:02:50 :  Invalid Param: DDR2_BURST_MODE ==> "8"
MIG: 10:02:50 :  Invalid Param: DDR2_BURST_TYPE ==> "SEQ"
MIG: 10:02:50 :  Invalid Param: DDR2_CL ==> 5
MIG: 10:02:50 :  Invalid Param: DDR2_OUTPUT_DRV ==> "HIGH"
MIG: 10:02:50 :  Invalid Param: DDR2_RTT_NOM ==> "50"
MIG: 10:02:50 :  Invalid Param: DDR2_ADDR_CMD_MODE ==> "1T"
MIG: 10:02:50 : 
MIG: 10:02:50 :  Valid Param: DDR2_REG_CTRL ==> OFF
MIG: 10:02:50 :  Invalid Param: DDR2_CLKIN_PERIOD ==> 5000
MIG: 10:02:50 :  Invalid Param: DDR2_CLKFBOUT_MULT ==> 13
MIG: 10:02:50 :  Invalid Param: DDR2_DIVCLK_DIVIDE ==> 2
MIG: 10:02:50 :  Invalid Param: DDR2_CLKOUT0_PHASE ==> 0.0
MIG: 10:02:50 :  Invalid Param: DDR2_CLKOUT0_DIVIDE ==> 2
MIG: 10:02:50 :  Invalid Param: DDR2_CLKOUT1_DIVIDE ==> 4
MIG: 10:02:50 :  Invalid Param: DDR2_CLKOUT2_DIVIDE ==> 64
MIG: 10:02:50 :  Invalid Param: DDR2_CLKOUT3_DIVIDE ==> 16
MIG: 10:02:50 :  Invalid Param: DDR2_MMCM_VCO ==> 1200
MIG: 10:02:50 :  Invalid Param: DDR2_MMCM_MULT_F ==> 14
MIG: 10:02:50 :  Invalid Param: DDR2_MMCM_DIVCLK_DIVIDE ==> 1
MIG: 10:02:50 :  Invalid Param: DDR2_MMCM_CLKOUT0_EN ==> "TRUE"
MIG: 10:02:50 :  Invalid Param: DDR2_MMCM_CLKOUT1_EN ==> "FALSE"
MIG: 10:02:50 :  Invalid Param: DDR2_MMCM_CLKOUT2_EN ==> "FALSE"
MIG: 10:02:50 :  Invalid Param: DDR2_MMCM_CLKOUT3_EN ==> "FALSE"
MIG: 10:02:50 :  Invalid Param: DDR2_MMCM_CLKOUT4_EN ==> "FALSE"
MIG: 10:02:50 :  Invalid Param: DDR2_MMCM_CLKOUT0_DIVIDE ==> 12.000
MIG: 10:02:50 :  Invalid Param: DDR2_MMCM_CLKOUT1_DIVIDE ==> 1
MIG: 10:02:50 :  Invalid Param: DDR2_MMCM_CLKOUT2_DIVIDE ==> 1
MIG: 10:02:50 :  Invalid Param: DDR2_MMCM_CLKOUT3_DIVIDE ==> 1
MIG: 10:02:50 :  Invalid Param: DDR2_MMCM_CLKOUT4_DIVIDE ==> 1
MIG: 10:02:50 :  Invalid Param: DDR2_tCKE ==> 7500
MIG: 10:02:50 :  Invalid Param: DDR2_tFAW ==> 45000
MIG: 10:02:50 :  Invalid Param: DDR2_tPRDI ==> 1_000_000
MIG: 10:02:50 :  Invalid Param: DDR2_tRAS ==> 40000
MIG: 10:02:50 :  Invalid Param: DDR2_tRCD ==> 15000
MIG: 10:02:50 :  Invalid Param: DDR2_tREFI ==> 7800000
MIG: 10:02:50 :  Invalid Param: DDR2_tRFC ==> 127500
MIG: 10:02:50 :  Invalid Param: DDR2_tRP ==> 12500
MIG: 10:02:50 :  Invalid Param: DDR2_tRRD ==> 10000
MIG: 10:02:50 :  Invalid Param: DDR2_tRTP ==> 7500
MIG: 10:02:50 :  Invalid Param: DDR2_tWTR ==> 7500
MIG: 10:02:50 :  Invalid Param: DDR2_tZQI ==> 128_000_000
MIG: 10:02:50 :  Invalid Param: DDR2_tZQCS ==> 64
MIG: 10:02:50 :  Invalid Param: DDR2_SIM_BYPASS_INIT_CAL ==> "OFF"
MIG: 10:02:50 :  Invalid Param: DDR2_SIMULATION ==> "FALSE"
MIG: 10:02:50 :  Invalid Param: DDR2_BYTE_LANES_B0 ==> 4'b1111
MIG: 10:02:50 :  Invalid Param: DDR2_BYTE_LANES_B1 ==> 4'b0000
MIG: 10:02:50 :  Invalid Param: DDR2_BYTE_LANES_B2 ==> 4'b0000
MIG: 10:02:50 :  Invalid Param: DDR2_BYTE_LANES_B3 ==> 4'b0000
MIG: 10:02:50 :  Invalid Param: DDR2_BYTE_LANES_B4 ==> 4'b0000
MIG: 10:02:50 :  Invalid Param: DDR2_DATA_CTL_B0 ==> 4'b0101
MIG: 10:02:50 :  Invalid Param: DDR2_DATA_CTL_B1 ==> 4'b0000
MIG: 10:02:50 :  Invalid Param: DDR2_DATA_CTL_B2 ==> 4'b0000
MIG: 10:02:50 :  Invalid Param: DDR2_DATA_CTL_B3 ==> 4'b0000
MIG: 10:02:50 :  Invalid Param: DDR2_DATA_CTL_B4 ==> 4'b0000
MIG: 10:02:50 :  Invalid Param: DDR2_PHY_0_BITLANES ==> 48'hFFC_3F7_FFF_3FE
MIG: 10:02:50 :  Invalid Param: DDR2_PHY_1_BITLANES ==> 48'h000_000_000_000
MIG: 10:02:50 :  Invalid Param: DDR2_PHY_2_BITLANES ==> 48'h000_000_000_000
MIG: 10:02:50 :  Invalid Param: DDR2_CK_BYTE_MAP ==> 144'h00_00_00_00_00_00_00_00_00_00_00_00_00_00_00_00_00_03
MIG: 10:02:50 :  Invalid Param: DDR2_ADDR_MAP ==> 192'h000_000_000_010_033_01A_019_032_03A_034_018_036_012_011_017_015
MIG: 10:02:50 :  Invalid Param: DDR2_BANK_MAP ==> 36'h013_016_01B
MIG: 10:02:50 :  Invalid Param: DDR2_CAS_MAP ==> 12'h039
MIG: 10:02:50 :  Invalid Param: DDR2_CKE_ODT_BYTE_MAP ==> 8'h00
MIG: 10:02:50 :  Invalid Param: DDR2_CKE_MAP ==> 96'h000_000_000_000_000_000_000_038
MIG: 10:02:50 :  Invalid Param: DDR2_ODT_MAP ==> 96'h000_000_000_000_000_000_000_035
MIG: 10:02:50 :  Invalid Param: DDR2_CS_MAP ==> 120'h000_000_000_000_000_000_000_000_000_037
MIG: 10:02:50 :  Invalid Param: DDR2_PARITY_MAP ==> 12'h000
MIG: 10:02:50 :  Invalid Param: DDR2_RAS_MAP ==> 12'h014
MIG: 10:02:50 :  Invalid Param: DDR2_WE_MAP ==> 12'h03B
MIG: 10:02:50 :  Invalid Param: DDR2_DQS_BYTE_MAP ==> 144'h00_00_00_00_00_00_00_00_00_00_00_00_00_00_00_00_02_00
MIG: 10:02:50 :  Invalid Param: DDR2_DATA0_MAP ==> 96'h008_004_009_007_005_001_006_003
MIG: 10:02:50 :  Invalid Param: DDR2_DATA1_MAP ==> 96'h022_028_020_024_027_025_026_021
MIG: 10:02:50 :  Invalid Param: DDR2_DATA2_MAP ==> 96'h000_000_000_000_000_000_000_000
MIG: 10:02:50 :  Invalid Param: DDR2_DATA3_MAP ==> 96'h000_000_000_000_000_000_000_000
MIG: 10:02:50 :  Invalid Param: DDR2_DATA4_MAP ==> 96'h000_000_000_000_000_000_000_000
MIG: 10:02:50 :  Invalid Param: DDR2_DATA5_MAP ==> 96'h000_000_000_000_000_000_000_000
MIG: 10:02:50 :  Invalid Param: DDR2_DATA6_MAP ==> 96'h000_000_000_000_000_000_000_000
MIG: 10:02:50 :  Invalid Param: DDR2_DATA7_MAP ==> 96'h000_000_000_000_000_000_000_000
MIG: 10:02:50 :  Invalid Param: DDR2_DATA8_MAP ==> 96'h000_000_000_000_000_000_000_000
MIG: 10:02:50 :  Invalid Param: DDR2_DATA9_MAP ==> 96'h000_000_000_000_000_000_000_000
MIG: 10:02:50 :  Invalid Param: DDR2_DATA10_MAP ==> 96'h000_000_000_000_000_000_000_000
MIG: 10:02:50 :  Invalid Param: DDR2_DATA11_MAP ==> 96'h000_000_000_000_000_000_000_000
MIG: 10:02:50 :  Invalid Param: DDR2_DATA12_MAP ==> 96'h000_000_000_000_000_000_000_000
MIG: 10:02:50 :  Invalid Param: DDR2_DATA13_MAP ==> 96'h000_000_000_000_000_000_000_000
MIG: 10:02:50 :  Invalid Param: DDR2_DATA14_MAP ==> 96'h000_000_000_000_000_000_000_000
MIG: 10:02:50 :  Invalid Param: DDR2_DATA15_MAP ==> 96'h000_000_000_000_000_000_000_000
MIG: 10:02:50 :  Invalid Param: DDR2_DATA16_MAP ==> 96'h000_000_000_000_000_000_000_000
MIG: 10:02:50 :  Invalid Param: DDR2_DATA17_MAP ==> 96'h000_000_000_000_000_000_000_000
MIG: 10:02:50 :  Invalid Param: DDR2_MASK0_MAP ==> 108'h000_000_000_000_000_000_000_029_002
MIG: 10:02:50 :  Invalid Param: DDR2_MASK1_MAP ==> 108'h000_000_000_000_000_000_000_000_000
MIG: 10:02:50 :  Invalid Param: DDR2_SLOT_0_CONFIG ==> 8'b0000_0001
MIG: 10:02:50 :  Invalid Param: DDR2_SLOT_1_CONFIG ==> 8'b0000_0000
MIG: 10:02:50 :  Invalid Param: DDR2_IBUF_LPWR_MODE ==> "OFF"
MIG: 10:02:50 :  Invalid Param: DDR2_DATA_IO_IDLE_PWRDWN ==> "ON"
MIG: 10:02:50 :  Invalid Param: DDR2_BANK_TYPE ==> "HR_IO"
MIG: 10:02:50 :  Invalid Param: DDR2_DATA_IO_PRIM_TYPE ==> "HR_LP"
MIG: 10:02:50 :  Invalid Param: DDR2_CKE_ODT_AUX ==> "FALSE"
MIG: 10:02:50 :  Invalid Param: DDR2_USER_REFRESH ==> "OFF"
MIG: 10:02:50 :  Invalid Param: DDR2_WRLVL ==> "OFF"
MIG: 10:02:50 :  Invalid Param: DDR2_ORDERING ==> "NORM"
MIG: 10:02:50 :  Invalid Param: DDR2_CALIB_ROW_ADD ==> 16'h0000
MIG: 10:02:50 :  Invalid Param: DDR2_CALIB_COL_ADD ==> 12'h000
MIG: 10:02:50 :  Invalid Param: DDR2_CALIB_BA_ADD ==> 3'h0
MIG: 10:02:50 :  Invalid Param: DDR2_TCQ ==> 100
MIG: 10:02:50 :  Invalid Param: DDR2_IODELAY_GRP0 ==> "DESIGN_1_MIG_7SERIES_0_1_IODELAY_MIG0"
MIG: 10:02:50 :  Invalid Param: DDR2_SYSCLK_TYPE ==> "NO_BUFFER"
MIG: 10:02:50 :  Invalid Param: DDR2_REFCLK_TYPE ==> "USE_SYSTEM_CLOCK"
MIG: 10:02:50 :  Invalid Param: DDR2_SYS_RST_PORT ==> "FALSE"
MIG: 10:02:50 :  Invalid Param: DDR2_CMD_PIPE_PLUS1 ==> "ON"
MIG: 10:02:50 :  Invalid Param: DDR2_DRAM_TYPE ==> "DDR2"
MIG: 10:02:50 :  Invalid Param: DDR2_CAL_WIDTH ==> "HALF"
MIG: 10:02:50 :  Invalid Param: DDR2_STARVE_LIMIT ==> 2
MIG: 10:02:50 :  Invalid Param: DDR2_REFCLK_FREQ ==> 200.0
MIG: 10:02:50 :  Invalid Param: DDR2_DIFF_TERM_REFCLK ==> "TRUE"
MIG: 10:02:50 :  Invalid Param: DDR2_tCK ==> 3077
MIG: 10:02:50 : 
MIG: 10:02:50 :  Valid Param: DDR2_nCK_PER_CLK ==> 4
MIG: 10:02:50 :  Invalid Param: DDR2_DIFF_TERM_SYSCLK ==> "TRUE"
MIG: 10:02:50 : 
MIG: 10:02:50 :  Valid Param: UI_EXTRA_CLOCKS ==> TRUE
MIG: 10:02:50 : 
MIG: 10:02:50 :  Valid Param: C_S_AXI_ID_WIDTH ==> 1
MIG: 10:02:50 : 
MIG: 10:02:50 :  Valid Param: C_S_AXI_MEM_SIZE ==> 134217728
MIG: 10:02:50 : 
MIG: 10:02:50 :  Valid Param: C_S_AXI_ADDR_WIDTH ==> 32
MIG: 10:02:50 : 
MIG: 10:02:50 :  Valid Param: C_S_AXI_DATA_WIDTH ==> 64
MIG: 10:02:50 :  Invalid Param: DDR2_C_MC_nCK_PER_CLK ==> 4
MIG: 10:02:50 :  Invalid Param: C_S_AXI_SUPPORTS_NARROW_BURST ==> 0
MIG: 10:02:50 :  Invalid Param: DDR2_C_RD_WR_ARB_ALGORITHM ==> "RD_PRI_REG"
MIG: 10:02:50 :  Invalid Param: C_S_AXI_REG_EN0 ==> 20'h00000
MIG: 10:02:50 :  Invalid Param: C_S_AXI_REG_EN1 ==> 20'h00000
MIG: 10:02:50 : 
MIG: 10:02:50 :  Valid Param: C_S_AXI_CTRL_ADDR_WIDTH ==> 32
MIG: 10:02:50 : 
MIG: 10:02:50 :  Valid Param: C_S_AXI_CTRL_DATA_WIDTH ==> 32
MIG: 10:02:50 :  Invalid Param: C_S_AXI_BASEADDR ==> 32'h0000_0000
MIG: 10:02:50 :  Invalid Param: C_ECC_ONOFF_RESET_VALUE ==> 1
MIG: 10:02:50 :  Invalid Param: C_ECC_CE_COUNTER_WIDTH ==> 8
MIG: 10:02:50 : 
MIG: 10:02:50 :  Valid Param: DDR2_DEBUG_PORT ==> OFF
MIG: 10:02:50 : 
MIG: 10:02:50 :  Invalid Param: DDR2_TEMP_MON_CONTROL ==> "INTERNAL"
MIG: 10:02:50 : 
MIG: 10:02:50 : 
MIG: 10:02:50 : 
MIG: 10:02:51 : Same Interface
MIG: 10:08:33 : Running synthesis.xit
MIG: 10:08:33 : IGN:     <ModuleName>design_1_mig_7series_0_2</ModuleName> <==>     <ModuleName>design_1_mig_7series_0_1</ModuleName> 
MIG: 10:08:33 : ERR:     <Version>2.2</Version> <==>     <Version>4.0</Version> 
MIG: 10:08:33 : ################# RUNNING MIG BATCH ###################
MIG: 10:08:33 : Writing IN file for 'design_1_mig_7series_0_1'...compDirPath: c:/Xilinx/Vivado/2016.2/data/ip/xilinx/mig_7series_v4_0... instDirPath: w:/ECE532/VGA_TEST_03_30/project_1/project_1.srcs/sources_1/bd/design_1/ip/design_1_mig_7series_0_1
MIG: 10:08:33 : synp_flow:  -- synthesis_mode: Other
MIG: 10:08:33 : outputDirectory: w:/ECE532/VGA_TEST_03_30/project_1/project_1.srcs/sources_1/bd/design_1/ip/design_1_mig_7series_0_1/_tmp/
MIG: 10:08:33 : vivado_mode: xpg_bd
MIG: 10:08:33 : isPortInterface: 0
MIG: 10:08:33 : isPortInterface: 0
MIG: 10:08:33 : isPortInterface: 0
MIG: 10:08:33 : isPortInterface: 0
MIG: 10:08:33 : isPortInterface: 0
MIG: 10:08:33 : isPortInterface: 0
MIG: 10:08:33 : isPortInterface: 0
MIG: 10:08:33 : isPortInterface: 0
MIG: 10:08:33 : isPortInterface: 0
MIG: 10:08:33 : isPortInterface: 0
MIG: 10:08:33 : isPortInterface: 0
MIG: 10:08:33 : isPortInterface: 0
MIG: 10:08:33 : isPortInterface: 0
MIG: 10:08:33 : isPortInterface: 0
MIG: 10:08:33 : isPortInterface: 0
MIG: 10:08:33 : isPortInterface: 0
MIG: 10:08:33 : isPortInterface: 0
MIG: 10:08:33 : isPortInterface: 0
MIG: 10:08:33 : isPortInterface: 0
MIG: 10:08:33 : isPortInterface: 0
MIG: 10:08:33 : isPortInterface: 0
MIG: 10:08:33 : isPortInterface: 0
MIG: 10:08:33 : isPortInterface: 0
MIG: 10:08:33 : isPortInterface: 0
MIG: 10:08:33 : isPortInterface: 0
MIG: 10:08:33 : isPortInterface: 0
MIG: 10:08:33 : isPortInterface: 0
MIG: 10:08:33 : isPortInterface: 0
MIG: 10:08:33 : isPortInterface: 0
MIG: 10:08:33 : isPortInterface: 0
MIG: 10:08:33 : isPortInterface: 0
MIG: 10:08:33 : isPortInterface: 0
MIG: 10:08:33 : isPortInterface: 0
MIG: 10:08:33 : isPortInterface: 0
MIG: 10:08:33 : isPortInterface: 0
MIG: 10:08:33 : isPortInterface: 0
MIG: 10:08:33 : isPortInterface: 0
MIG: 10:08:33 : isPortInterface: 0
MIG: 10:08:33 : isPortInterface: 0
MIG: 10:08:33 : isPortInterface: 0
MIG: 10:08:33 : isPortInterface: 0
MIG: 10:08:33 : isPortInterface: 0
MIG: 10:08:33 : isPortInterface: 0
MIG: 10:08:33 : isPortInterface: 0
MIG: 10:08:33 : isPortInterface: 0
MIG: 10:08:33 : isPortInterface: 0
MIG: 10:08:33 : isPortInterface: 0
MIG: 10:08:33 : isPortInterface: 0
MIG: 10:08:33 : isPortInterface: 0
MIG: 10:08:33 : isPortInterface: 0
MIG: 10:08:33 : isPortInterface: 0
MIG: 10:08:33 : isPortInterface: 0
MIG: 10:08:33 : isPortInterface: 0
MIG: 10:08:33 : isPortInterface: 0
MIG: 10:08:33 : isPortInterface: 0
MIG: 10:08:33 : isPortInterface: 0
MIG: 10:08:33 : isPortInterface: 0
MIG: 10:08:33 : isPortInterface: 0
MIG: 10:08:33 : isPortInterface: 0
MIG: 10:08:33 : isPortInterface: 0
MIG: 10:08:33 : isPortInterface: 0
MIG: 10:08:33 : isPortInterface: 0
MIG: 10:08:33 : isPortInterface: 0
MIG: 10:08:33 : isPortInterface: 0
MIG: 10:08:33 : isPortInterface: 0
MIG: 10:08:33 : isPortInterface: 0
MIG: 10:08:33 : isPortInterface: 0
MIG: 10:08:33 : isPortInterface: 0
MIG: 10:08:33 : isPortInterface: 0
MIG: 10:08:33 : isPortInterface: 0
MIG: 10:08:33 : isPortInterface: 0
MIG: 10:08:33 : isPortInterface: 0
MIG: 10:08:33 : isPortInterface: 0
MIG: 10:08:33 : isPortInterface: 0
MIG: 10:08:33 : isPortInterface: 0
MIG: 10:08:33 : isPortInterface: 0
MIG: 10:08:33 : isPortInterface: 0
MIG: 10:08:33 : isPortInterface: 0
MIG: 10:08:33 : isPortInterface: 0
MIG: 10:08:33 : isPortInterface: 0
MIG: 10:08:33 : isPortInterface: 0
MIG: 10:08:33 : isPortInterface: 0
MIG: 10:08:33 : isPortInterface: 0
MIG: 10:08:33 : isPortInterface: 0
MIG: 10:08:33 : isPortInterface: 0
MIG: 10:08:33 : isPortInterface: 0
MIG: 10:08:33 : isPortInterface: 0
MIG: 10:08:33 : isPortInterface: 0
MIG: 10:08:33 : isPortInterface: 0
MIG: 10:08:33 : isPortInterface: 0
MIG: 10:08:33 : isPortInterface: 0
MIG: 10:08:33 : isPortInterface: 0
MIG: 10:08:33 : isPortInterface: 0
MIG: 10:08:33 : isPortInterface: 0
MIG: 10:08:33 : isPortInterface: 0
MIG: 10:08:33 : isPortInterface: 0
MIG: 10:08:33 : isPortInterface: 0
MIG: 10:08:33 : isPortInterface: 0
MIG: 10:08:33 : isPortInterface: 0
MIG: 10:08:33 : isPortInterface: 0
MIG: 10:08:33 : isPortInterface: 0
MIG: 10:08:33 : isPortInterface: 0
MIG: 10:08:33 : isPortInterface: 0
MIG: 10:08:33 : isPortInterface: 0
MIG: 10:08:33 : isPortInterface: 0
MIG: 10:08:33 : isPortInterface: 0
MIG: 10:08:33 : isPortInterface: 0
MIG: 10:08:33 : isPortInterface: 0
MIG: 10:08:33 : isPortInterface: 0
MIG: 10:08:33 : isPortInterface: 0
MIG: 10:08:33 : isPortInterface: 0
MIG: 10:08:33 : isPortInterface: 0
MIG: 10:08:33 : isPortInterface: 0
MIG: 10:08:33 : isPortInterface: 0
MIG: 10:08:33 : isPortInterface: 0
MIG: 10:08:33 : isPortInterface: 0
MIG: 10:08:33 : isPortInterface: 0
MIG: 10:08:33 : isPortInterface: 1
MIG: 10:08:33 : isPortInterface: 0
MIG: 10:08:33 : isPortInterface: 0
MIG: 10:08:33 : isPortInterface: 0
MIG: 10:08:34 : isPortInterface: 0
MIG: 10:08:34 : isPortInterface: 0
MIG: 10:08:34 : isPortInterface: 0
MIG: 10:08:34 : isPortInterface: 0
MIG: 10:08:34 : isPortInterface: 0
MIG: 10:08:34 : isPortInterface: 0
MIG: 10:08:34 : isPortInterface: 0
MIG: 10:08:34 :  locked false  
MIG: 10:08:34 : HDL Language: Verilog
MIG: 10:08:34 : compInfo: false
MIG: 10:08:34 : Vivado Options xc7a100t csg324 -1
MIG: 10:08:34 : 1: xc7a100t 2: csg324 3: -1
MIG: 10:08:34 : relative mig path: coregen/ip/xilinx/other/com/xilinx/ip/mig_7series_v4_0/bin/nt64/mig.exe
MIG: 10:08:34 : xilinx_path: C:/Xilinx/Vivado/2016.2/ids_lite/ISE
MIG: 10:08:34 : I am in catch area
MIG: 10:08:34 : Running C:/Xilinx/Vivado/2016.2/ids_lite/ISE/coregen/ip/xilinx/other/com/xilinx/ip/mig_7series_v4_0/bin/nt64/mig.exe -cg_exc_inp w:/ECE532/VGA_TEST_03_30/project_1/project_1.srcs/sources_1/bd/design_1/ip/design_1_mig_7series_0_1/xil_txt.in -cg_exc_out w:/ECE532/VGA_TEST_03_30/project_1/project_1.srcs/sources_1/bd/design_1/ip/design_1_mig_7series_0_1/xil_txt.out ... 
MIG: 10:08:41 : XML_INPUT_FILE: w:/ECE532/VGA_TEST_03_30/project_1/project_1.srcs/sources_1/bd/design_1/ip/design_1_mig_7series_0_1/board.prj
MIG: 10:08:41 : Component_Name: design_1_mig_7series_0_1
MIG: 10:08:41 : Moving design_1_mig_7series_0_1 ...
MIG: 10:08:43 : Moving design_1_mig_7series_0_1.veo ...
MIG: 10:08:43 : Moving design_1_mig_7series_0_1_xmdf.tcl ...
MIG: 10:08:43 : Running vlog_synth_rpr.xit
MIG: 10:08:43 : IGN:     <ModuleName>design_1_mig_7series_0_2</ModuleName> <==>     <ModuleName>design_1_mig_7series_0_1</ModuleName> 
MIG: 10:08:43 : ERR:     <Version>2.2</Version> <==>     <Version>4.0</Version> 
MIG: 10:08:43 : ################# RUNNING MIG BATCH ###################
MIG: 10:08:43 : Writing IN file for 'design_1_mig_7series_0_1'...compDirPath: c:/Xilinx/Vivado/2016.2/data/ip/xilinx/mig_7series_v4_0... instDirPath: w:/ECE532/VGA_TEST_03_30/project_1/project_1.srcs/sources_1/bd/design_1/ip/design_1_mig_7series_0_1
MIG: 10:08:43 : synp_flow:  -- synthesis_mode: Other
MIG: 10:08:43 : outputDirectory: w:/ECE532/VGA_TEST_03_30/project_1/project_1.srcs/sources_1/bd/design_1/ip/design_1_mig_7series_0_1/_tmp/
MIG: 10:08:43 : vivado_mode: xpg_bd
MIG: 10:08:43 : isPortInterface: 0
MIG: 10:08:43 : isPortInterface: 0
MIG: 10:08:43 : isPortInterface: 0
MIG: 10:08:43 : isPortInterface: 0
MIG: 10:08:43 : isPortInterface: 0
MIG: 10:08:43 : isPortInterface: 0
MIG: 10:08:43 : isPortInterface: 0
MIG: 10:08:43 : isPortInterface: 0
MIG: 10:08:44 : isPortInterface: 0
MIG: 10:08:44 : isPortInterface: 0
MIG: 10:08:44 : isPortInterface: 0
MIG: 10:08:44 : isPortInterface: 0
MIG: 10:08:44 : isPortInterface: 0
MIG: 10:08:44 : isPortInterface: 0
MIG: 10:08:44 : isPortInterface: 0
MIG: 10:08:44 : isPortInterface: 0
MIG: 10:08:44 : isPortInterface: 0
MIG: 10:08:44 : isPortInterface: 0
MIG: 10:08:44 : isPortInterface: 0
MIG: 10:08:44 : isPortInterface: 0
MIG: 10:08:44 : isPortInterface: 0
MIG: 10:08:44 : isPortInterface: 0
MIG: 10:08:44 : isPortInterface: 0
MIG: 10:08:44 : isPortInterface: 0
MIG: 10:08:44 : isPortInterface: 0
MIG: 10:08:44 : isPortInterface: 0
MIG: 10:08:44 : isPortInterface: 0
MIG: 10:08:44 : isPortInterface: 0
MIG: 10:08:44 : isPortInterface: 0
MIG: 10:08:44 : isPortInterface: 0
MIG: 10:08:44 : isPortInterface: 0
MIG: 10:08:44 : isPortInterface: 0
MIG: 10:08:44 : isPortInterface: 0
MIG: 10:08:44 : isPortInterface: 0
MIG: 10:08:44 : isPortInterface: 0
MIG: 10:08:44 : isPortInterface: 0
MIG: 10:08:44 : isPortInterface: 0
MIG: 10:08:44 : isPortInterface: 0
MIG: 10:08:44 : isPortInterface: 0
MIG: 10:08:44 : isPortInterface: 0
MIG: 10:08:44 : isPortInterface: 0
MIG: 10:08:44 : isPortInterface: 0
MIG: 10:08:44 : isPortInterface: 0
MIG: 10:08:44 : isPortInterface: 0
MIG: 10:08:44 : isPortInterface: 0
MIG: 10:08:44 : isPortInterface: 0
MIG: 10:08:44 : isPortInterface: 0
MIG: 10:08:44 : isPortInterface: 0
MIG: 10:08:44 : isPortInterface: 0
MIG: 10:08:44 : isPortInterface: 0
MIG: 10:08:44 : isPortInterface: 0
MIG: 10:08:44 : isPortInterface: 0
MIG: 10:08:44 : isPortInterface: 0
MIG: 10:08:44 : isPortInterface: 0
MIG: 10:08:44 : isPortInterface: 0
MIG: 10:08:44 : isPortInterface: 0
MIG: 10:08:44 : isPortInterface: 0
MIG: 10:08:44 : isPortInterface: 0
MIG: 10:08:44 : isPortInterface: 0
MIG: 10:08:44 : isPortInterface: 0
MIG: 10:08:44 : isPortInterface: 0
MIG: 10:08:44 : isPortInterface: 0
MIG: 10:08:44 : isPortInterface: 0
MIG: 10:08:44 : isPortInterface: 0
MIG: 10:08:44 : isPortInterface: 0
MIG: 10:08:44 : isPortInterface: 0
MIG: 10:08:44 : isPortInterface: 0
MIG: 10:08:44 : isPortInterface: 0
MIG: 10:08:44 : isPortInterface: 0
MIG: 10:08:44 : isPortInterface: 0
MIG: 10:08:44 : isPortInterface: 0
MIG: 10:08:44 : isPortInterface: 0
MIG: 10:08:44 : isPortInterface: 0
MIG: 10:08:44 : isPortInterface: 0
MIG: 10:08:44 : isPortInterface: 0
MIG: 10:08:44 : isPortInterface: 0
MIG: 10:08:44 : isPortInterface: 0
MIG: 10:08:44 : isPortInterface: 0
MIG: 10:08:44 : isPortInterface: 0
MIG: 10:08:44 : isPortInterface: 0
MIG: 10:08:44 : isPortInterface: 0
MIG: 10:08:44 : isPortInterface: 0
MIG: 10:08:44 : isPortInterface: 0
MIG: 10:08:44 : isPortInterface: 0
MIG: 10:08:44 : isPortInterface: 0
MIG: 10:08:44 : isPortInterface: 0
MIG: 10:08:44 : isPortInterface: 0
MIG: 10:08:44 : isPortInterface: 0
MIG: 10:08:44 : isPortInterface: 0
MIG: 10:08:44 : isPortInterface: 0
MIG: 10:08:44 : isPortInterface: 0
MIG: 10:08:44 : isPortInterface: 0
MIG: 10:08:44 : isPortInterface: 0
MIG: 10:08:44 : isPortInterface: 0
MIG: 10:08:44 : isPortInterface: 0
MIG: 10:08:44 : isPortInterface: 0
MIG: 10:08:44 : isPortInterface: 0
MIG: 10:08:44 : isPortInterface: 0
MIG: 10:08:44 : isPortInterface: 0
MIG: 10:08:44 : isPortInterface: 0
MIG: 10:08:44 : isPortInterface: 0
MIG: 10:08:44 : isPortInterface: 0
MIG: 10:08:44 : isPortInterface: 0
MIG: 10:08:44 : isPortInterface: 0
MIG: 10:08:44 : isPortInterface: 0
MIG: 10:08:44 : isPortInterface: 0
MIG: 10:08:44 : isPortInterface: 0
MIG: 10:08:44 : isPortInterface: 0
MIG: 10:08:44 : isPortInterface: 0
MIG: 10:08:44 : isPortInterface: 0
MIG: 10:08:44 : isPortInterface: 0
MIG: 10:08:44 : isPortInterface: 0
MIG: 10:08:44 : isPortInterface: 0
MIG: 10:08:44 : isPortInterface: 0
MIG: 10:08:44 : isPortInterface: 0
MIG: 10:08:44 : isPortInterface: 0
MIG: 10:08:44 : isPortInterface: 0
MIG: 10:08:44 : isPortInterface: 1
MIG: 10:08:44 : isPortInterface: 0
MIG: 10:08:44 : isPortInterface: 0
MIG: 10:08:44 : isPortInterface: 0
MIG: 10:08:44 : isPortInterface: 0
MIG: 10:08:44 : isPortInterface: 0
MIG: 10:08:44 : isPortInterface: 0
MIG: 10:08:44 : isPortInterface: 0
MIG: 10:08:44 : isPortInterface: 0
MIG: 10:08:44 : isPortInterface: 0
MIG: 10:08:44 : isPortInterface: 0
MIG: 10:08:44 :  locked false  
MIG: 10:08:44 : HDL Language: Verilog
MIG: 10:08:44 : compInfo: false
MIG: 10:08:44 : Vivado Options xc7a100t csg324 -1
MIG: 10:08:44 : 1: xc7a100t 2: csg324 3: -1
MIG: 10:08:44 : relative mig path: coregen/ip/xilinx/other/com/xilinx/ip/mig_7series_v4_0/bin/nt64/mig.exe
MIG: 10:08:44 : xilinx_path: C:/Xilinx/Vivado/2016.2/ids_lite/ISE
MIG: 10:08:44 : I am in catch area
MIG: 10:08:44 : Running C:/Xilinx/Vivado/2016.2/ids_lite/ISE/coregen/ip/xilinx/other/com/xilinx/ip/mig_7series_v4_0/bin/nt64/mig.exe -cg_exc_inp w:/ECE532/VGA_TEST_03_30/project_1/project_1.srcs/sources_1/bd/design_1/ip/design_1_mig_7series_0_1/xil_txt.in -cg_exc_out w:/ECE532/VGA_TEST_03_30/project_1/project_1.srcs/sources_1/bd/design_1/ip/design_1_mig_7series_0_1/xil_txt.out ... 
MIG: 10:08:52 : XML_INPUT_FILE: w:/ECE532/VGA_TEST_03_30/project_1/project_1.srcs/sources_1/bd/design_1/ip/design_1_mig_7series_0_1/board.prj
MIG: 10:08:52 : Component_Name: design_1_mig_7series_0_1
MIG: 10:08:52 : Moving design_1_mig_7series_0_1 ...
MIG: 10:08:53 : Moving design_1_mig_7series_0_1.veo ...
MIG: 10:08:53 : Moving design_1_mig_7series_0_1_xmdf.tcl ...
MIG: 10:08:53 : Running simulation.xit
MIG: 10:08:53 : IGN:     <ModuleName>design_1_mig_7series_0_2</ModuleName> <==>     <ModuleName>design_1_mig_7series_0_1</ModuleName> 
MIG: 10:08:53 : ERR:     <Version>2.2</Version> <==>     <Version>4.0</Version> 
MIG: 10:08:53 : ################# RUNNING MIG BATCH ###################
MIG: 10:08:53 : Writing IN file for 'design_1_mig_7series_0_1'...compDirPath: c:/Xilinx/Vivado/2016.2/data/ip/xilinx/mig_7series_v4_0... instDirPath: w:/ECE532/VGA_TEST_03_30/project_1/project_1.srcs/sources_1/bd/design_1/ip/design_1_mig_7series_0_1
MIG: 10:08:53 : synp_flow:  -- synthesis_mode: Other
MIG: 10:08:53 : outputDirectory: w:/ECE532/VGA_TEST_03_30/project_1/project_1.srcs/sources_1/bd/design_1/ip/design_1_mig_7series_0_1/_tmp/
MIG: 10:08:53 : vivado_mode: xpg_bd
MIG: 10:08:53 : isPortInterface: 0
MIG: 10:08:53 : isPortInterface: 0
MIG: 10:08:53 : isPortInterface: 0
MIG: 10:08:53 : isPortInterface: 0
MIG: 10:08:53 : isPortInterface: 0
MIG: 10:08:53 : isPortInterface: 0
MIG: 10:08:53 : isPortInterface: 0
MIG: 10:08:53 : isPortInterface: 0
MIG: 10:08:53 : isPortInterface: 0
MIG: 10:08:53 : isPortInterface: 0
MIG: 10:08:53 : isPortInterface: 0
MIG: 10:08:53 : isPortInterface: 0
MIG: 10:08:53 : isPortInterface: 0
MIG: 10:08:53 : isPortInterface: 0
MIG: 10:08:53 : isPortInterface: 0
MIG: 10:08:53 : isPortInterface: 0
MIG: 10:08:53 : isPortInterface: 0
MIG: 10:08:53 : isPortInterface: 0
MIG: 10:08:53 : isPortInterface: 0
MIG: 10:08:53 : isPortInterface: 0
MIG: 10:08:53 : isPortInterface: 0
MIG: 10:08:53 : isPortInterface: 0
MIG: 10:08:53 : isPortInterface: 0
MIG: 10:08:54 : isPortInterface: 0
MIG: 10:08:54 : isPortInterface: 0
MIG: 10:08:54 : isPortInterface: 0
MIG: 10:08:54 : isPortInterface: 0
MIG: 10:08:54 : isPortInterface: 0
MIG: 10:08:54 : isPortInterface: 0
MIG: 10:08:54 : isPortInterface: 0
MIG: 10:08:54 : isPortInterface: 0
MIG: 10:08:54 : isPortInterface: 0
MIG: 10:08:54 : isPortInterface: 0
MIG: 10:08:54 : isPortInterface: 0
MIG: 10:08:54 : isPortInterface: 0
MIG: 10:08:54 : isPortInterface: 0
MIG: 10:08:54 : isPortInterface: 0
MIG: 10:08:54 : isPortInterface: 0
MIG: 10:08:54 : isPortInterface: 0
MIG: 10:08:54 : isPortInterface: 0
MIG: 10:08:54 : isPortInterface: 0
MIG: 10:08:54 : isPortInterface: 0
MIG: 10:08:54 : isPortInterface: 0
MIG: 10:08:54 : isPortInterface: 0
MIG: 10:08:54 : isPortInterface: 0
MIG: 10:08:54 : isPortInterface: 0
MIG: 10:08:54 : isPortInterface: 0
MIG: 10:08:54 : isPortInterface: 0
MIG: 10:08:54 : isPortInterface: 0
MIG: 10:08:54 : isPortInterface: 0
MIG: 10:08:54 : isPortInterface: 0
MIG: 10:08:54 : isPortInterface: 0
MIG: 10:08:54 : isPortInterface: 0
MIG: 10:08:54 : isPortInterface: 0
MIG: 10:08:54 : isPortInterface: 0
MIG: 10:08:54 : isPortInterface: 0
MIG: 10:08:54 : isPortInterface: 0
MIG: 10:08:54 : isPortInterface: 0
MIG: 10:08:54 : isPortInterface: 0
MIG: 10:08:54 : isPortInterface: 0
MIG: 10:08:54 : isPortInterface: 0
MIG: 10:08:54 : isPortInterface: 0
MIG: 10:08:54 : isPortInterface: 0
MIG: 10:08:54 : isPortInterface: 0
MIG: 10:08:54 : isPortInterface: 0
MIG: 10:08:54 : isPortInterface: 0
MIG: 10:08:54 : isPortInterface: 0
MIG: 10:08:54 : isPortInterface: 0
MIG: 10:08:54 : isPortInterface: 0
MIG: 10:08:54 : isPortInterface: 0
MIG: 10:08:54 : isPortInterface: 0
MIG: 10:08:54 : isPortInterface: 0
MIG: 10:08:54 : isPortInterface: 0
MIG: 10:08:54 : isPortInterface: 0
MIG: 10:08:54 : isPortInterface: 0
MIG: 10:08:54 : isPortInterface: 0
MIG: 10:08:54 : isPortInterface: 0
MIG: 10:08:54 : isPortInterface: 0
MIG: 10:08:54 : isPortInterface: 0
MIG: 10:08:54 : isPortInterface: 0
MIG: 10:08:54 : isPortInterface: 0
MIG: 10:08:54 : isPortInterface: 0
MIG: 10:08:54 : isPortInterface: 0
MIG: 10:08:54 : isPortInterface: 0
MIG: 10:08:54 : isPortInterface: 0
MIG: 10:08:54 : isPortInterface: 0
MIG: 10:08:54 : isPortInterface: 0
MIG: 10:08:54 : isPortInterface: 0
MIG: 10:08:54 : isPortInterface: 0
MIG: 10:08:54 : isPortInterface: 0
MIG: 10:08:54 : isPortInterface: 0
MIG: 10:08:54 : isPortInterface: 0
MIG: 10:08:54 : isPortInterface: 0
MIG: 10:08:54 : isPortInterface: 0
MIG: 10:08:54 : isPortInterface: 0
MIG: 10:08:54 : isPortInterface: 0
MIG: 10:08:54 : isPortInterface: 0
MIG: 10:08:54 : isPortInterface: 0
MIG: 10:08:54 : isPortInterface: 0
MIG: 10:08:54 : isPortInterface: 0
MIG: 10:08:54 : isPortInterface: 0
MIG: 10:08:54 : isPortInterface: 0
MIG: 10:08:54 : isPortInterface: 0
MIG: 10:08:54 : isPortInterface: 0
MIG: 10:08:54 : isPortInterface: 0
MIG: 10:08:54 : isPortInterface: 0
MIG: 10:08:54 : isPortInterface: 0
MIG: 10:08:54 : isPortInterface: 0
MIG: 10:08:54 : isPortInterface: 0
MIG: 10:08:54 : isPortInterface: 0
MIG: 10:08:54 : isPortInterface: 0
MIG: 10:08:54 : isPortInterface: 0
MIG: 10:08:54 : isPortInterface: 0
MIG: 10:08:54 : isPortInterface: 0
MIG: 10:08:54 : isPortInterface: 0
MIG: 10:08:54 : isPortInterface: 0
MIG: 10:08:54 : isPortInterface: 0
MIG: 10:08:54 : isPortInterface: 1
MIG: 10:08:54 : isPortInterface: 0
MIG: 10:08:54 : isPortInterface: 0
MIG: 10:08:54 : isPortInterface: 0
MIG: 10:08:54 : isPortInterface: 0
MIG: 10:08:54 : isPortInterface: 0
MIG: 10:08:54 : isPortInterface: 0
MIG: 10:08:54 : isPortInterface: 0
MIG: 10:08:54 : isPortInterface: 0
MIG: 10:08:54 : isPortInterface: 0
MIG: 10:08:54 : isPortInterface: 0
MIG: 10:08:54 :  locked false  
MIG: 10:08:54 : HDL Language: Verilog
MIG: 10:08:54 : compInfo: false
MIG: 10:08:54 : Vivado Options xc7a100t csg324 -1
MIG: 10:08:54 : 1: xc7a100t 2: csg324 3: -1
MIG: 10:08:54 : relative mig path: coregen/ip/xilinx/other/com/xilinx/ip/mig_7series_v4_0/bin/nt64/mig.exe
MIG: 10:08:54 : xilinx_path: C:/Xilinx/Vivado/2016.2/ids_lite/ISE
MIG: 10:08:54 : I am in catch area
MIG: 10:08:54 : Running C:/Xilinx/Vivado/2016.2/ids_lite/ISE/coregen/ip/xilinx/other/com/xilinx/ip/mig_7series_v4_0/bin/nt64/mig.exe -cg_exc_inp w:/ECE532/VGA_TEST_03_30/project_1/project_1.srcs/sources_1/bd/design_1/ip/design_1_mig_7series_0_1/xil_txt.in -cg_exc_out w:/ECE532/VGA_TEST_03_30/project_1/project_1.srcs/sources_1/bd/design_1/ip/design_1_mig_7series_0_1/xil_txt.out ... 
MIG: 10:09:01 : XML_INPUT_FILE: w:/ECE532/VGA_TEST_03_30/project_1/project_1.srcs/sources_1/bd/design_1/ip/design_1_mig_7series_0_1/board.prj
MIG: 10:09:01 : Component_Name: design_1_mig_7series_0_1
MIG: 10:09:01 : Moving design_1_mig_7series_0_1 ...
MIG: 10:09:03 : Moving design_1_mig_7series_0_1.veo ...
MIG: 10:09:03 : Moving design_1_mig_7series_0_1_xmdf.tcl ...
MIG: 10:09:04 : Running vlog_sim_rpr.xit .. PRASAD DBG1
MIG: 10:09:04 : IGN:     <ModuleName>design_1_mig_7series_0_2</ModuleName> <==>     <ModuleName>design_1_mig_7series_0_1</ModuleName> 
MIG: 10:09:04 : ERR:     <Version>2.2</Version> <==>     <Version>4.0</Version> 
MIG: 10:09:04 : ################# RUNNING MIG BATCH ###################
MIG: 10:09:04 : Writing IN file for 'design_1_mig_7series_0_1'...compDirPath: c:/Xilinx/Vivado/2016.2/data/ip/xilinx/mig_7series_v4_0... instDirPath: w:/ECE532/VGA_TEST_03_30/project_1/project_1.srcs/sources_1/bd/design_1/ip/design_1_mig_7series_0_1
MIG: 10:09:04 : synp_flow:  -- synthesis_mode: Other
MIG: 10:09:04 : outputDirectory: w:/ECE532/VGA_TEST_03_30/project_1/project_1.srcs/sources_1/bd/design_1/ip/design_1_mig_7series_0_1/_tmp/
MIG: 10:09:04 : vivado_mode: xpg_bd
MIG: 10:09:04 : isPortInterface: 0
MIG: 10:09:04 : isPortInterface: 0
MIG: 10:09:04 : isPortInterface: 0
MIG: 10:09:04 : isPortInterface: 0
MIG: 10:09:04 : isPortInterface: 0
MIG: 10:09:04 : isPortInterface: 0
MIG: 10:09:04 : isPortInterface: 0
MIG: 10:09:04 : isPortInterface: 0
MIG: 10:09:04 : isPortInterface: 0
MIG: 10:09:04 : isPortInterface: 0
MIG: 10:09:04 : isPortInterface: 0
MIG: 10:09:04 : isPortInterface: 0
MIG: 10:09:04 : isPortInterface: 0
MIG: 10:09:04 : isPortInterface: 0
MIG: 10:09:04 : isPortInterface: 0
MIG: 10:09:04 : isPortInterface: 0
MIG: 10:09:04 : isPortInterface: 0
MIG: 10:09:04 : isPortInterface: 0
MIG: 10:09:04 : isPortInterface: 0
MIG: 10:09:04 : isPortInterface: 0
MIG: 10:09:04 : isPortInterface: 0
MIG: 10:09:04 : isPortInterface: 0
MIG: 10:09:04 : isPortInterface: 0
MIG: 10:09:04 : isPortInterface: 0
MIG: 10:09:04 : isPortInterface: 0
MIG: 10:09:04 : isPortInterface: 0
MIG: 10:09:04 : isPortInterface: 0
MIG: 10:09:04 : isPortInterface: 0
MIG: 10:09:04 : isPortInterface: 0
MIG: 10:09:04 : isPortInterface: 0
MIG: 10:09:04 : isPortInterface: 0
MIG: 10:09:04 : isPortInterface: 0
MIG: 10:09:04 : isPortInterface: 0
MIG: 10:09:04 : isPortInterface: 0
MIG: 10:09:04 : isPortInterface: 0
MIG: 10:09:04 : isPortInterface: 0
MIG: 10:09:04 : isPortInterface: 0
MIG: 10:09:04 : isPortInterface: 0
MIG: 10:09:04 : isPortInterface: 0
MIG: 10:09:04 : isPortInterface: 0
MIG: 10:09:04 : isPortInterface: 0
MIG: 10:09:04 : isPortInterface: 0
MIG: 10:09:04 : isPortInterface: 0
MIG: 10:09:04 : isPortInterface: 0
MIG: 10:09:04 : isPortInterface: 0
MIG: 10:09:04 : isPortInterface: 0
MIG: 10:09:04 : isPortInterface: 0
MIG: 10:09:04 : isPortInterface: 0
MIG: 10:09:04 : isPortInterface: 0
MIG: 10:09:04 : isPortInterface: 0
MIG: 10:09:04 : isPortInterface: 0
MIG: 10:09:04 : isPortInterface: 0
MIG: 10:09:04 : isPortInterface: 0
MIG: 10:09:04 : isPortInterface: 0
MIG: 10:09:04 : isPortInterface: 0
MIG: 10:09:04 : isPortInterface: 0
MIG: 10:09:04 : isPortInterface: 0
MIG: 10:09:04 : isPortInterface: 0
MIG: 10:09:04 : isPortInterface: 0
MIG: 10:09:04 : isPortInterface: 0
MIG: 10:09:04 : isPortInterface: 0
MIG: 10:09:04 : isPortInterface: 0
MIG: 10:09:04 : isPortInterface: 0
MIG: 10:09:04 : isPortInterface: 0
MIG: 10:09:04 : isPortInterface: 0
MIG: 10:09:04 : isPortInterface: 0
MIG: 10:09:04 : isPortInterface: 0
MIG: 10:09:04 : isPortInterface: 0
MIG: 10:09:04 : isPortInterface: 0
MIG: 10:09:04 : isPortInterface: 0
MIG: 10:09:04 : isPortInterface: 0
MIG: 10:09:04 : isPortInterface: 0
MIG: 10:09:04 : isPortInterface: 0
MIG: 10:09:04 : isPortInterface: 0
MIG: 10:09:04 : isPortInterface: 0
MIG: 10:09:04 : isPortInterface: 0
MIG: 10:09:04 : isPortInterface: 0
MIG: 10:09:04 : isPortInterface: 0
MIG: 10:09:04 : isPortInterface: 0
MIG: 10:09:04 : isPortInterface: 0
MIG: 10:09:04 : isPortInterface: 0
MIG: 10:09:04 : isPortInterface: 0
MIG: 10:09:04 : isPortInterface: 0
MIG: 10:09:04 : isPortInterface: 0
MIG: 10:09:04 : isPortInterface: 0
MIG: 10:09:04 : isPortInterface: 0
MIG: 10:09:04 : isPortInterface: 0
MIG: 10:09:04 : isPortInterface: 0
MIG: 10:09:04 : isPortInterface: 0
MIG: 10:09:04 : isPortInterface: 0
MIG: 10:09:04 : isPortInterface: 0
MIG: 10:09:04 : isPortInterface: 0
MIG: 10:09:04 : isPortInterface: 0
MIG: 10:09:04 : isPortInterface: 0
MIG: 10:09:04 : isPortInterface: 0
MIG: 10:09:04 : isPortInterface: 0
MIG: 10:09:04 : isPortInterface: 0
MIG: 10:09:04 : isPortInterface: 0
MIG: 10:09:04 : isPortInterface: 0
MIG: 10:09:04 : isPortInterface: 0
MIG: 10:09:04 : isPortInterface: 0
MIG: 10:09:04 : isPortInterface: 0
MIG: 10:09:04 : isPortInterface: 0
MIG: 10:09:04 : isPortInterface: 0
MIG: 10:09:04 : isPortInterface: 0
MIG: 10:09:04 : isPortInterface: 0
MIG: 10:09:04 : isPortInterface: 0
MIG: 10:09:04 : isPortInterface: 0
MIG: 10:09:04 : isPortInterface: 0
MIG: 10:09:04 : isPortInterface: 0
MIG: 10:09:04 : isPortInterface: 0
MIG: 10:09:04 : isPortInterface: 0
MIG: 10:09:04 : isPortInterface: 0
MIG: 10:09:04 : isPortInterface: 0
MIG: 10:09:04 : isPortInterface: 0
MIG: 10:09:04 : isPortInterface: 0
MIG: 10:09:04 : isPortInterface: 0
MIG: 10:09:04 : isPortInterface: 1
MIG: 10:09:04 : isPortInterface: 0
MIG: 10:09:04 : isPortInterface: 0
MIG: 10:09:04 : isPortInterface: 0
MIG: 10:09:04 : isPortInterface: 0
MIG: 10:09:04 : isPortInterface: 0
MIG: 10:09:05 : isPortInterface: 0
MIG: 10:09:05 : isPortInterface: 0
MIG: 10:09:05 : isPortInterface: 0
MIG: 10:09:05 : isPortInterface: 0
MIG: 10:09:05 : isPortInterface: 0
MIG: 10:09:05 :  locked false  
MIG: 10:09:05 : HDL Language: Verilog
MIG: 10:09:05 : compInfo: false
MIG: 10:09:05 : Vivado Options xc7a100t csg324 -1
MIG: 10:09:05 : 1: xc7a100t 2: csg324 3: -1
MIG: 10:09:05 : relative mig path: coregen/ip/xilinx/other/com/xilinx/ip/mig_7series_v4_0/bin/nt64/mig.exe
MIG: 10:09:05 : xilinx_path: C:/Xilinx/Vivado/2016.2/ids_lite/ISE
MIG: 10:09:05 : I am in catch area
MIG: 10:09:05 : Running C:/Xilinx/Vivado/2016.2/ids_lite/ISE/coregen/ip/xilinx/other/com/xilinx/ip/mig_7series_v4_0/bin/nt64/mig.exe -cg_exc_inp w:/ECE532/VGA_TEST_03_30/project_1/project_1.srcs/sources_1/bd/design_1/ip/design_1_mig_7series_0_1/xil_txt.in -cg_exc_out w:/ECE532/VGA_TEST_03_30/project_1/project_1.srcs/sources_1/bd/design_1/ip/design_1_mig_7series_0_1/xil_txt.out ... 
MIG: 10:09:12 : XML_INPUT_FILE: w:/ECE532/VGA_TEST_03_30/project_1/project_1.srcs/sources_1/bd/design_1/ip/design_1_mig_7series_0_1/board.prj
MIG: 10:09:12 : Component_Name: design_1_mig_7series_0_1
MIG: 10:09:12 : Moving design_1_mig_7series_0_1 ...
MIG: 10:09:13 : Moving design_1_mig_7series_0_1.veo ...
MIG: 10:09:13 : Moving design_1_mig_7series_0_1_xmdf.tcl ...
MIG: 10:09:14 : Running implementation.xit
MIG: 10:09:14 : IGN:     <ModuleName>design_1_mig_7series_0_2</ModuleName> <==>     <ModuleName>design_1_mig_7series_0_1</ModuleName> 
MIG: 10:09:14 : ERR:     <Version>2.2</Version> <==>     <Version>4.0</Version> 
MIG: 10:09:14 : ################# RUNNING MIG BATCH ###################
MIG: 10:09:14 : Writing IN file for 'design_1_mig_7series_0_1'...compDirPath: c:/Xilinx/Vivado/2016.2/data/ip/xilinx/mig_7series_v4_0... instDirPath: w:/ECE532/VGA_TEST_03_30/project_1/project_1.srcs/sources_1/bd/design_1/ip/design_1_mig_7series_0_1
MIG: 10:09:14 : synp_flow:  -- synthesis_mode: Other
MIG: 10:09:14 : outputDirectory: w:/ECE532/VGA_TEST_03_30/project_1/project_1.srcs/sources_1/bd/design_1/ip/design_1_mig_7series_0_1/_tmp/
MIG: 10:09:14 : vivado_mode: xpg_bd
MIG: 10:09:14 : isPortInterface: 0
MIG: 10:09:14 : isPortInterface: 0
MIG: 10:09:14 : isPortInterface: 0
MIG: 10:09:14 : isPortInterface: 0
MIG: 10:09:14 : isPortInterface: 0
MIG: 10:09:14 : isPortInterface: 0
MIG: 10:09:14 : isPortInterface: 0
MIG: 10:09:14 : isPortInterface: 0
MIG: 10:09:14 : isPortInterface: 0
MIG: 10:09:14 : isPortInterface: 0
MIG: 10:09:14 : isPortInterface: 0
MIG: 10:09:14 : isPortInterface: 0
MIG: 10:09:14 : isPortInterface: 0
MIG: 10:09:14 : isPortInterface: 0
MIG: 10:09:14 : isPortInterface: 0
MIG: 10:09:14 : isPortInterface: 0
MIG: 10:09:14 : isPortInterface: 0
MIG: 10:09:14 : isPortInterface: 0
MIG: 10:09:14 : isPortInterface: 0
MIG: 10:09:14 : isPortInterface: 0
MIG: 10:09:14 : isPortInterface: 0
MIG: 10:09:14 : isPortInterface: 0
MIG: 10:09:14 : isPortInterface: 0
MIG: 10:09:14 : isPortInterface: 0
MIG: 10:09:14 : isPortInterface: 0
MIG: 10:09:14 : isPortInterface: 0
MIG: 10:09:14 : isPortInterface: 0
MIG: 10:09:14 : isPortInterface: 0
MIG: 10:09:14 : isPortInterface: 0
MIG: 10:09:14 : isPortInterface: 0
MIG: 10:09:14 : isPortInterface: 0
MIG: 10:09:14 : isPortInterface: 0
MIG: 10:09:14 : isPortInterface: 0
MIG: 10:09:14 : isPortInterface: 0
MIG: 10:09:14 : isPortInterface: 0
MIG: 10:09:14 : isPortInterface: 0
MIG: 10:09:14 : isPortInterface: 0
MIG: 10:09:14 : isPortInterface: 0
MIG: 10:09:14 : isPortInterface: 0
MIG: 10:09:14 : isPortInterface: 0
MIG: 10:09:14 : isPortInterface: 0
MIG: 10:09:14 : isPortInterface: 0
MIG: 10:09:14 : isPortInterface: 0
MIG: 10:09:14 : isPortInterface: 0
MIG: 10:09:14 : isPortInterface: 0
MIG: 10:09:14 : isPortInterface: 0
MIG: 10:09:14 : isPortInterface: 0
MIG: 10:09:14 : isPortInterface: 0
MIG: 10:09:14 : isPortInterface: 0
MIG: 10:09:14 : isPortInterface: 0
MIG: 10:09:14 : isPortInterface: 0
MIG: 10:09:14 : isPortInterface: 0
MIG: 10:09:14 : isPortInterface: 0
MIG: 10:09:14 : isPortInterface: 0
MIG: 10:09:14 : isPortInterface: 0
MIG: 10:09:14 : isPortInterface: 0
MIG: 10:09:14 : isPortInterface: 0
MIG: 10:09:14 : isPortInterface: 0
MIG: 10:09:14 : isPortInterface: 0
MIG: 10:09:14 : isPortInterface: 0
MIG: 10:09:14 : isPortInterface: 0
MIG: 10:09:14 : isPortInterface: 0
MIG: 10:09:14 : isPortInterface: 0
MIG: 10:09:14 : isPortInterface: 0
MIG: 10:09:14 : isPortInterface: 0
MIG: 10:09:14 : isPortInterface: 0
MIG: 10:09:14 : isPortInterface: 0
MIG: 10:09:14 : isPortInterface: 0
MIG: 10:09:14 : isPortInterface: 0
MIG: 10:09:14 : isPortInterface: 0
MIG: 10:09:14 : isPortInterface: 0
MIG: 10:09:14 : isPortInterface: 0
MIG: 10:09:14 : isPortInterface: 0
MIG: 10:09:14 : isPortInterface: 0
MIG: 10:09:14 : isPortInterface: 0
MIG: 10:09:14 : isPortInterface: 0
MIG: 10:09:14 : isPortInterface: 0
MIG: 10:09:14 : isPortInterface: 0
MIG: 10:09:14 : isPortInterface: 0
MIG: 10:09:14 : isPortInterface: 0
MIG: 10:09:14 : isPortInterface: 0
MIG: 10:09:14 : isPortInterface: 0
MIG: 10:09:14 : isPortInterface: 0
MIG: 10:09:14 : isPortInterface: 0
MIG: 10:09:14 : isPortInterface: 0
MIG: 10:09:14 : isPortInterface: 0
MIG: 10:09:14 : isPortInterface: 0
MIG: 10:09:14 : isPortInterface: 0
MIG: 10:09:14 : isPortInterface: 0
MIG: 10:09:14 : isPortInterface: 0
MIG: 10:09:14 : isPortInterface: 0
MIG: 10:09:14 : isPortInterface: 0
MIG: 10:09:14 : isPortInterface: 0
MIG: 10:09:14 : isPortInterface: 0
MIG: 10:09:14 : isPortInterface: 0
MIG: 10:09:14 : isPortInterface: 0
MIG: 10:09:14 : isPortInterface: 0
MIG: 10:09:14 : isPortInterface: 0
MIG: 10:09:14 : isPortInterface: 0
MIG: 10:09:14 : isPortInterface: 0
MIG: 10:09:14 : isPortInterface: 0
MIG: 10:09:14 : isPortInterface: 0
MIG: 10:09:14 : isPortInterface: 0
MIG: 10:09:14 : isPortInterface: 0
MIG: 10:09:14 : isPortInterface: 0
MIG: 10:09:14 : isPortInterface: 0
MIG: 10:09:14 : isPortInterface: 0
MIG: 10:09:14 : isPortInterface: 0
MIG: 10:09:14 : isPortInterface: 0
MIG: 10:09:14 : isPortInterface: 0
MIG: 10:09:14 : isPortInterface: 0
MIG: 10:09:14 : isPortInterface: 0
MIG: 10:09:14 : isPortInterface: 0
MIG: 10:09:14 : isPortInterface: 0
MIG: 10:09:14 : isPortInterface: 0
MIG: 10:09:14 : isPortInterface: 0
MIG: 10:09:14 : isPortInterface: 0
MIG: 10:09:14 : isPortInterface: 1
MIG: 10:09:14 : isPortInterface: 0
MIG: 10:09:14 : isPortInterface: 0
MIG: 10:09:14 : isPortInterface: 0
MIG: 10:09:14 : isPortInterface: 0
MIG: 10:09:14 : isPortInterface: 0
MIG: 10:09:14 : isPortInterface: 0
MIG: 10:09:14 : isPortInterface: 0
MIG: 10:09:14 : isPortInterface: 0
MIG: 10:09:14 : isPortInterface: 0
MIG: 10:09:14 : isPortInterface: 0
MIG: 10:09:14 :  locked false  
MIG: 10:09:14 : HDL Language: Verilog
MIG: 10:09:14 : compInfo: false
MIG: 10:09:14 : Vivado Options xc7a100t csg324 -1
MIG: 10:09:14 : 1: xc7a100t 2: csg324 3: -1
MIG: 10:09:14 : relative mig path: coregen/ip/xilinx/other/com/xilinx/ip/mig_7series_v4_0/bin/nt64/mig.exe
MIG: 10:09:14 : xilinx_path: C:/Xilinx/Vivado/2016.2/ids_lite/ISE
MIG: 10:09:14 : I am in catch area
MIG: 10:09:15 : Running C:/Xilinx/Vivado/2016.2/ids_lite/ISE/coregen/ip/xilinx/other/com/xilinx/ip/mig_7series_v4_0/bin/nt64/mig.exe -cg_exc_inp w:/ECE532/VGA_TEST_03_30/project_1/project_1.srcs/sources_1/bd/design_1/ip/design_1_mig_7series_0_1/xil_txt.in -cg_exc_out w:/ECE532/VGA_TEST_03_30/project_1/project_1.srcs/sources_1/bd/design_1/ip/design_1_mig_7series_0_1/xil_txt.out ... 
MIG: 10:09:22 : XML_INPUT_FILE: w:/ECE532/VGA_TEST_03_30/project_1/project_1.srcs/sources_1/bd/design_1/ip/design_1_mig_7series_0_1/board.prj
MIG: 10:09:22 : Component_Name: design_1_mig_7series_0_1
MIG: 10:09:22 : Moving design_1_mig_7series_0_1 ...
MIG: 10:09:23 : Moving design_1_mig_7series_0_1.veo ...
MIG: 10:09:23 : Moving design_1_mig_7series_0_1_xmdf.tcl ...
